Using pre-set license
Built from '2021.3/staging' branch; Version is '2021.3.6f1 (7da38d85baf6) revision 8233869'; Using compiler version '192829333'; Build Type 'Release'
OS: 'Windows 10  (10.0.18363) 64bit Professional' Language: 'ru' Physical Memory: 24526 MB
BatchMode: 1, IsHumanControllingUs: 0, StartBugReporterOnCrash: 0, Is64bit: 1, IsPro: 1

COMMAND LINE ARGUMENTS:
C:\Program Files\Unity\Hub\Editor\2021.3.6f1\Editor\Unity.exe
-adb2
-batchMode
-noUpm
-name
AssetImportWorker3
-projectPath
D:/PlatformerGBTutorial/PlatformerGBTutorial/PlatformerTutorial
-logFile
Logs/AssetImportWorker3.log
-srvPort
63518
Successfully changed project path to: D:/PlatformerGBTutorial/PlatformerGBTutorial/PlatformerTutorial
D:/PlatformerGBTutorial/PlatformerGBTutorial/PlatformerTutorial
[UnityMemory] Configuration Parameters - Can be set up in boot.config
    "memorysetup-bucket-allocator-granularity=16"
    "memorysetup-bucket-allocator-bucket-count=8"
    "memorysetup-bucket-allocator-block-size=33554432"
    "memorysetup-bucket-allocator-block-count=8"
    "memorysetup-main-allocator-block-size=16777216"
    "memorysetup-thread-allocator-block-size=16777216"
    "memorysetup-gfx-main-allocator-block-size=16777216"
    "memorysetup-gfx-thread-allocator-block-size=16777216"
    "memorysetup-cache-allocator-block-size=4194304"
    "memorysetup-typetree-allocator-block-size=2097152"
    "memorysetup-profiler-bucket-allocator-granularity=16"
    "memorysetup-profiler-bucket-allocator-bucket-count=8"
    "memorysetup-profiler-bucket-allocator-block-size=33554432"
    "memorysetup-profiler-bucket-allocator-block-count=8"
    "memorysetup-profiler-allocator-block-size=16777216"
    "memorysetup-profiler-editor-allocator-block-size=1048576"
    "memorysetup-temp-allocator-size-main=16777216"
    "memorysetup-job-temp-allocator-block-size=2097152"
    "memorysetup-job-temp-allocator-block-size-background=1048576"
    "memorysetup-job-temp-allocator-reduction-small-platforms=262144"
    "memorysetup-temp-allocator-size-background-worker=32768"
    "memorysetup-temp-allocator-size-job-worker=262144"
    "memorysetup-temp-allocator-size-preload-manager=33554432"
    "memorysetup-temp-allocator-size-nav-mesh-worker=65536"
    "memorysetup-temp-allocator-size-audio-worker=65536"
    "memorysetup-temp-allocator-size-cloud-worker=32768"
    "memorysetup-temp-allocator-size-gi-baking-worker=262144"
    "memorysetup-temp-allocator-size-gfx=262144"
Refreshing native plugins compatible for Editor in 146.53 ms, found 4 plugins.
Preloading 0 native plugins for Editor in 0.00 ms.
Initialize engine version: 2021.3.6f1 (7da38d85baf6)
[Subsystems] Discovering subsystems at path C:/Program Files/Unity/Hub/Editor/2021.3.6f1/Editor/Data/Resources/UnitySubsystems
[Subsystems] Discovering subsystems at path D:/PlatformerGBTutorial/PlatformerGBTutorial/PlatformerTutorial/Assets
GfxDevice: creating device client; threaded=0; jobified=0
Direct3D:
    Version:  Direct3D 11.0 [level 11.1]
    Renderer: NVIDIA GeForce GTX 1050 Ti (ID=0x1c82)
    Vendor:   NVIDIA
    VRAM:     4018 MB
    Driver:   31.0.15.1694
Initialize mono
Mono path[0] = 'C:/Program Files/Unity/Hub/Editor/2021.3.6f1/Editor/Data/Managed'
Mono path[1] = 'C:/Program Files/Unity/Hub/Editor/2021.3.6f1/Editor/Data/MonoBleedingEdge/lib/mono/unityjit-win32'
Mono config path = 'C:/Program Files/Unity/Hub/Editor/2021.3.6f1/Editor/Data/MonoBleedingEdge/etc'
Using monoOptions --debugger-agent=transport=dt_socket,embedding=1,server=y,suspend=n,address=127.0.0.1:56600
Begin MonoManager ReloadAssembly
Registering precompiled unity dll's ...
Register platform support module: C:/Program Files/Unity/Hub/Editor/2021.3.6f1/Editor/Data/PlaybackEngines/WindowsStandaloneSupport/UnityEditor.WindowsStandalone.Extensions.dll
Register platform support module: C:/Program Files/Unity/Hub/Editor/2021.3.6f1/Editor/Data/PlaybackEngines/MetroSupport/UnityEditor.UWP.Extensions.dll
Registered in 0.016004 seconds.
Native extension for UWP target not found
Native extension for WindowsStandalone target not found
Refreshing native plugins compatible for Editor in 123.23 ms, found 4 plugins.
Preloading 0 native plugins for Editor in 0.00 ms.
Mono: successfully reloaded assembly
- Completed reload, in  0.936 seconds
Domain Reload Profiling:
	ReloadAssembly (937ms)
		BeginReloadAssembly (114ms)
			ExecutionOrderSort (0ms)
			DisableScriptedObjects (0ms)
			BackupInstance (0ms)
			ReleaseScriptingObjects (0ms)
			CreateAndSetChildDomain (1ms)
		EndReloadAssembly (633ms)
			LoadAssemblies (111ms)
			RebuildTransferFunctionScriptingTraits (0ms)
			SetupTypeCache (138ms)
			ReleaseScriptCaches (0ms)
			RebuildScriptCaches (36ms)
			SetupLoadedEditorAssemblies (388ms)
				LogAssemblyErrors (0ms)
				InitializePlatformSupportModulesInManaged (13ms)
				SetLoadedEditorAssemblies (0ms)
				RefreshPlugins (123ms)
				BeforeProcessingInitializeOnLoad (2ms)
				ProcessInitializeOnLoadAttributes (179ms)
				ProcessInitializeOnLoadMethodAttributes (70ms)
				AfterProcessingInitializeOnLoad (0ms)
				EditorAssembliesLoaded (0ms)
			ExecutionOrderSort2 (0ms)
			AwakeInstancesAfterBackupRestoration (0ms)
Platform modules already initialized, skipping
Registering precompiled user dll's ...
Registered in 0.011206 seconds.
Begin MonoManager ReloadAssembly
Symbol file LoadedFromMemory doesn't match image D:\PlatformerGBTutorial\PlatformerGBTutorial\PlatformerTutorial\Library\PackageCache\com.unity.visualscripting@1.7.8\Editor\VisualScripting.Core\Dependencies\YamlDotNet\Unity.VisualScripting.YamlDotNet.dll
Symbol file LoadedFromMemory doesn't match image D:\PlatformerGBTutorial\PlatformerGBTutorial\PlatformerTutorial\Library\PackageCache\com.unity.visualscripting@1.7.8\Editor\VisualScripting.Core\Dependencies\DotNetZip\Unity.VisualScripting.IonicZip.dll
Native extension for UWP target not found
Native extension for WindowsStandalone target not found
Refreshing native plugins compatible for Editor in 138.28 ms, found 4 plugins.
Preloading 0 native plugins for Editor in 0.00 ms.
Mono: successfully reloaded assembly
- Completed reload, in  1.674 seconds
Domain Reload Profiling:
	ReloadAssembly (1675ms)
		BeginReloadAssembly (159ms)
			ExecutionOrderSort (0ms)
			DisableScriptedObjects (9ms)
			BackupInstance (0ms)
			ReleaseScriptingObjects (0ms)
			CreateAndSetChildDomain (24ms)
		EndReloadAssembly (1350ms)
			LoadAssemblies (135ms)
			RebuildTransferFunctionScriptingTraits (0ms)
			SetupTypeCache (346ms)
			ReleaseScriptCaches (1ms)
			RebuildScriptCaches (116ms)
			SetupLoadedEditorAssemblies (676ms)
				LogAssemblyErrors (0ms)
				InitializePlatformSupportModulesInManaged (11ms)
				SetLoadedEditorAssemblies (0ms)
				RefreshPlugins (138ms)
				BeforeProcessingInitializeOnLoad (133ms)
				ProcessInitializeOnLoadAttributes (322ms)
				ProcessInitializeOnLoadMethodAttributes (58ms)
				AfterProcessingInitializeOnLoad (14ms)
				EditorAssembliesLoaded (0ms)
			ExecutionOrderSort2 (0ms)
			AwakeInstancesAfterBackupRestoration (7ms)
Platform modules already initialized, skipping
========================================================================
Worker process is ready to serve import requests
Launched and connected shader compiler UnityShaderCompiler.exe after 0.07 seconds
Refreshing native plugins compatible for Editor in 0.96 ms, found 4 plugins.
Preloading 0 native plugins for Editor in 0.00 ms.
Unloading 4220 Unused Serialized files (Serialized files now loaded: 0)
Unloading 45 unused Assets / (222.9 KB). Loaded Objects now: 4671.
Memory consumption went from 157.6 MB to 157.4 MB.
Total: 4.789700 ms (FindLiveObjects: 0.448700 ms CreateObjectMapping: 0.142400 ms MarkObjects: 3.967400 ms  DeleteObjects: 0.229800 ms)

AssetImportParameters requested are different than current active one (requested -> active):
  custom:video-decoder-ogg-theora: a1e56fd34408186e4bbccfd4996cb3dc -> 
  custom:container-muxer-webm: aa71ff27fc2769a1b78a27578f13a17b -> 
  custom:container-demuxer-webm: 4f35f7cbe854078d1ac9338744f61a02 -> 
  custom:video-encoder-webm-vp8: eb34c28f22e8b96e1ab97ce403110664 -> 
  custom:video-codec-MediaFoundation-h265: 746d11721c4dcdbdad8f713fa42b33f4 -> 
  custom:audio-encoder-webm-vorbis: bf7c407c2cedff20999df2af8eb42d56 -> 
  custom:framework-win-MediaFoundation: 216162199b28c13a410421893ffa2e32 -> 
  custom:container-demuxer-ogg: 62fdf1f143b41e24485cea50d1cbac27 -> 
  custom:video-decoder-webm-vp8: 9c59270c3fd7afecdb556c50c9e8de78 -> 
  custom:audio-decoder-ogg-vorbis: bf7c407c2cedff20999df2af8eb42d56 -> 
========================================================================
Received Import Request.
  Time since last request: 442104.233993 seconds.
  path: Assets/Sprites/TilePalette/Asset 43.asset
  artifactKey: Guid(1b49e0a00638ecf459dcbedb2b02ebbd) Importer(815301076,1909f56bfc062723c751e8b465ee728b)
Start importing Assets/Sprites/TilePalette/Asset 43.asset using Guid(1b49e0a00638ecf459dcbedb2b02ebbd) Importer(815301076,1909f56bfc062723c751e8b465ee728b)  -> (artifact id: '5ab4b73472468c0c0892e57cb7ee7125') in 0.097033 seconds 
========================================================================
Received Import Request.
  Time since last request: 0.000030 seconds.
  path: Assets/Sprites/TilePalette/GrassRight 1.asset
  artifactKey: Guid(974f89c86aca8f944aebaaa30ea61a82) Importer(815301076,1909f56bfc062723c751e8b465ee728b)
Start importing Assets/Sprites/TilePalette/GrassRight 1.asset using Guid(974f89c86aca8f944aebaaa30ea61a82) Importer(815301076,1909f56bfc062723c751e8b465ee728b)  -> (artifact id: '64ec785d9db1c38699ba58a9f4e789fb') in 0.010687 seconds 
========================================================================
Received Import Request.
  Time since last request: 0.000042 seconds.
  path: Assets/Sprites/TilePalette/GrassHillLeft2 1.asset
  artifactKey: Guid(45ad852560f0ad749a4b5f9a144e438a) Importer(815301076,1909f56bfc062723c751e8b465ee728b)
Start importing Assets/Sprites/TilePalette/GrassHillLeft2 1.asset using Guid(45ad852560f0ad749a4b5f9a144e438a) Importer(815301076,1909f56bfc062723c751e8b465ee728b)  -> (artifact id: 'a8b6a26564544259820b6012de8423be') in 0.010497 seconds 
========================================================================
Received Import Request.
  Time since last request: 0.000033 seconds.
  path: Assets/Sprites/TilePalette/Column 1.asset
  artifactKey: Guid(b3a8e78c0f3318a4798b9bcc6b69cb9b) Importer(815301076,1909f56bfc062723c751e8b465ee728b)
Start importing Assets/Sprites/TilePalette/Column 1.asset using Guid(b3a8e78c0f3318a4798b9bcc6b69cb9b) Importer(815301076,1909f56bfc062723c751e8b465ee728b)  -> (artifact id: '264f2a2e44236f69bc02fa472c66c0e3') in 0.010601 seconds 
========================================================================
Received Import Request.
  Time since last request: 0.000039 seconds.
  path: Assets/Sprites/TilePalette/Grass 1.asset
  artifactKey: Guid(c01514c3ab97de64cb06f1e2595513cb) Importer(815301076,1909f56bfc062723c751e8b465ee728b)
Start importing Assets/Sprites/TilePalette/Grass 1.asset using Guid(c01514c3ab97de64cb06f1e2595513cb) Importer(815301076,1909f56bfc062723c751e8b465ee728b)  -> (artifact id: '2ed2a02fe7058ea7e9637e7fafb27967') in 0.009676 seconds 
========================================================================
Received Import Request.
  Time since last request: 0.000033 seconds.
  path: Assets/Sprites/TilePalette/GrassJoinHillRight2&Left2 1.asset
  artifactKey: Guid(90432ba611875c94bbb073dc1197c999) Importer(815301076,1909f56bfc062723c751e8b465ee728b)
Start importing Assets/Sprites/TilePalette/GrassJoinHillRight2&Left2 1.asset using Guid(90432ba611875c94bbb073dc1197c999) Importer(815301076,1909f56bfc062723c751e8b465ee728b)  -> (artifact id: '7c3d46ce3939f3403cfbf69b7b6e41cf') in 0.009153 seconds 
========================================================================
Received Import Request.
  Time since last request: 0.000046 seconds.
  path: Assets/Sprites/TilePalette/GrassHillLeft 1.asset
  artifactKey: Guid(5db38e83078959a4b8d7bd1037e32e77) Importer(815301076,1909f56bfc062723c751e8b465ee728b)
Start importing Assets/Sprites/TilePalette/GrassHillLeft 1.asset using Guid(5db38e83078959a4b8d7bd1037e32e77) Importer(815301076,1909f56bfc062723c751e8b465ee728b)  -> (artifact id: '49394b3de1aa2d6ae7a9ad28e5533159') in 0.010330 seconds 
========================================================================
Received Import Request.
  Time since last request: 0.000034 seconds.
  path: Assets/Sprites/TilePalette/GrassCliffLeft 1.asset
  artifactKey: Guid(464c06ee4d09114489d3af0380bbf908) Importer(815301076,1909f56bfc062723c751e8b465ee728b)
Start importing Assets/Sprites/TilePalette/GrassCliffLeft 1.asset using Guid(464c06ee4d09114489d3af0380bbf908) Importer(815301076,1909f56bfc062723c751e8b465ee728b)  -> (artifact id: '101e9b5ecc8c4a58cdbb2ec426709f9d') in 0.011723 seconds 
========================================================================
Received Import Request.
  Time since last request: 0.000028 seconds.
  path: Assets/Sprites/TilePalette/GrassJoinHillLeft 1.asset
  artifactKey: Guid(c52d783216791d24ca5ca0ee8e1977e2) Importer(815301076,1909f56bfc062723c751e8b465ee728b)
Start importing Assets/Sprites/TilePalette/GrassJoinHillLeft 1.asset using Guid(c52d783216791d24ca5ca0ee8e1977e2) Importer(815301076,1909f56bfc062723c751e8b465ee728b)  -> (artifact id: 'b76ba0f7283bb94477c31339ad3c817e') in 0.010402 seconds 
========================================================================
Received Import Request.
  Time since last request: 0.000029 seconds.
  path: Assets/Sprites/TilePalette/DirtRight 1.asset
  artifactKey: Guid(848ae50fd288ff84dab08bd8ba74c10f) Importer(815301076,1909f56bfc062723c751e8b465ee728b)
Start importing Assets/Sprites/TilePalette/DirtRight 1.asset using Guid(848ae50fd288ff84dab08bd8ba74c10f) Importer(815301076,1909f56bfc062723c751e8b465ee728b)  -> (artifact id: '1a1df3d891c75ab8235e95bcf4a48f67') in 0.011357 seconds 
========================================================================
Received Import Request.
  Time since last request: 0.000033 seconds.
  path: Assets/Sprites/TilePalette/Winter.prefab
  artifactKey: Guid(05de267292396324daed9bed41623a0f) Importer(815301076,1909f56bfc062723c751e8b465ee728b)
Start importing Assets/Sprites/TilePalette/Winter.prefab using Guid(05de267292396324daed9bed41623a0f) Importer(815301076,1909f56bfc062723c751e8b465ee728b)  -> (artifact id: '9e9c862857c47bae42da74a846128366') in 0.080677 seconds 
========================================================================
Received Import Request.
  Time since last request: 0.000035 seconds.
  path: Assets/Sprites/TilePalette/DirtLeft 1.asset
  artifactKey: Guid(e7433845799dd7b45961e40443b02c74) Importer(815301076,1909f56bfc062723c751e8b465ee728b)
Start importing Assets/Sprites/TilePalette/DirtLeft 1.asset using Guid(e7433845799dd7b45961e40443b02c74) Importer(815301076,1909f56bfc062723c751e8b465ee728b)  -> (artifact id: '21eacb0dba794f1a29be6833d87f1a65') in 0.009857 seconds 
========================================================================
Received Import Request.
  Time since last request: 0.000035 seconds.
  path: Assets/Sprites/TilePalette/column_up 1.asset
  artifactKey: Guid(59832bba8b2c72e4996890290d31d901) Importer(815301076,1909f56bfc062723c751e8b465ee728b)
Start importing Assets/Sprites/TilePalette/column_up 1.asset using Guid(59832bba8b2c72e4996890290d31d901) Importer(815301076,1909f56bfc062723c751e8b465ee728b)  -> (artifact id: '74022c08dda923b9f7ec1e7626705c08') in 0.009319 seconds 
========================================================================
Received Import Request.
  Time since last request: 0.000029 seconds.
  path: Assets/Sprites/TilePalette/GrassJoinHillRight2&Left2 DownShadow 1.asset
  artifactKey: Guid(cad428831e5244445859da1ffa2d1e1f) Importer(815301076,1909f56bfc062723c751e8b465ee728b)
Start importing Assets/Sprites/TilePalette/GrassJoinHillRight2&Left2 DownShadow 1.asset using Guid(cad428831e5244445859da1ffa2d1e1f) Importer(815301076,1909f56bfc062723c751e8b465ee728b)  -> (artifact id: '5f185c8a8fbb081501b30e37286413b1') in 0.009146 seconds 
========================================================================
Received Import Request.
  Time since last request: 188.794401 seconds.
  path: Assets/Sprites/Tiles/Spring/Asset 41.png
  artifactKey: Guid(33c38d25dd24c1f4487cbe0229e12af4) Importer(815301076,1909f56bfc062723c751e8b465ee728b)
Start importing Assets/Sprites/Tiles/Spring/Asset 41.png using Guid(33c38d25dd24c1f4487cbe0229e12af4) Importer(815301076,1909f56bfc062723c751e8b465ee728b)  -> (artifact id: '31ab9857a065e9fa23e8c945f64912c1') in 0.321224 seconds 
========================================================================
Received Import Request.
  Time since last request: 0.000032 seconds.
  path: Assets/Sprites/Tiles/Spring/GrassHillLeft2 DownShadow.png
  artifactKey: Guid(3c673f15212e9ed4eb86b2c96cb5e8f2) Importer(815301076,1909f56bfc062723c751e8b465ee728b)
Start importing Assets/Sprites/Tiles/Spring/GrassHillLeft2 DownShadow.png using Guid(3c673f15212e9ed4eb86b2c96cb5e8f2) Importer(815301076,1909f56bfc062723c751e8b465ee728b)  -> (artifact id: '129dac468ebb173b40d68cefa8e81021') in 0.039642 seconds 
========================================================================
Received Import Request.
  Time since last request: 0.000123 seconds.
  path: Assets/Sprites/Tiles/Spring/GrassHillRight.png
  artifactKey: Guid(7f5b598524313bf4d8d70ed87894cc61) Importer(815301076,1909f56bfc062723c751e8b465ee728b)
Start importing Assets/Sprites/Tiles/Spring/GrassHillRight.png using Guid(7f5b598524313bf4d8d70ed87894cc61) Importer(815301076,1909f56bfc062723c751e8b465ee728b)  -> (artifact id: 'bc144099cf18f68ad6ffee30579fc715') in 0.034790 seconds 
========================================================================
Received Import Request.
  Time since last request: 0.000029 seconds.
  path: Assets/Sprites/Tiles/Spring/Dirt.png
  artifactKey: Guid(71c9d16b0d779e04e8a6d6f78cf7837b) Importer(815301076,1909f56bfc062723c751e8b465ee728b)
Start importing Assets/Sprites/Tiles/Spring/Dirt.png using Guid(71c9d16b0d779e04e8a6d6f78cf7837b) Importer(815301076,1909f56bfc062723c751e8b465ee728b)  -> (artifact id: '363d6fc72cf98e787e41c6adeca2ce10') in 0.030454 seconds 
========================================================================
Received Import Request.
  Time since last request: 0.000034 seconds.
  path: Assets/Sprites/Tiles/Spring/DirtLeft.png
  artifactKey: Guid(0176fa3c0a61a0f4cad9cc98bc459e0c) Importer(815301076,1909f56bfc062723c751e8b465ee728b)
Start importing Assets/Sprites/Tiles/Spring/DirtLeft.png using Guid(0176fa3c0a61a0f4cad9cc98bc459e0c) Importer(815301076,1909f56bfc062723c751e8b465ee728b)  -> (artifact id: 'eb446f66f6ae0af2300f7111b51e66f0') in 0.038490 seconds 
========================================================================
Received Import Request.
  Time since last request: 0.000041 seconds.
  path: Assets/Sprites/Tiles/Spring/column_up.png
  artifactKey: Guid(467abc4bd368f7a4bbdcf1dacedc30c2) Importer(815301076,1909f56bfc062723c751e8b465ee728b)
Start importing Assets/Sprites/Tiles/Spring/column_up.png using Guid(467abc4bd368f7a4bbdcf1dacedc30c2) Importer(815301076,1909f56bfc062723c751e8b465ee728b)  -> (artifact id: '0ca77da84a7bd968925e145f34c15d1c') in 0.048844 seconds 
========================================================================
Received Import Request.
  Time since last request: 0.000024 seconds.
  path: Assets/Sprites/Tiles/Spring/GrassCliffLeft.png
  artifactKey: Guid(1971995e40b9a0e409bf814c89c107e0) Importer(815301076,1909f56bfc062723c751e8b465ee728b)
Start importing Assets/Sprites/Tiles/Spring/GrassCliffLeft.png using Guid(1971995e40b9a0e409bf814c89c107e0) Importer(815301076,1909f56bfc062723c751e8b465ee728b)  -> (artifact id: '9702438b044b329efe1fbc102ffd9039') in 0.100894 seconds 
========================================================================
Received Import Request.
  Time since last request: 0.000037 seconds.
  path: Assets/Sprites/Tiles/Spring/DirtRightCorner.png
  artifactKey: Guid(dbba0da7b78a22647a9da9ad638a340b) Importer(815301076,1909f56bfc062723c751e8b465ee728b)
Start importing Assets/Sprites/Tiles/Spring/DirtRightCorner.png using Guid(dbba0da7b78a22647a9da9ad638a340b) Importer(815301076,1909f56bfc062723c751e8b465ee728b)  -> (artifact id: '1a8a27e48e3255d6e450b771be2b75e2') in 0.058213 seconds 
========================================================================
Received Import Request.
  Time since last request: 0.000047 seconds.
  path: Assets/Sprites/Tiles/Spring/GrassJoinHillLeft2.png
  artifactKey: Guid(e52f5b1b7df85b84f936132b2d5b4c6f) Importer(815301076,1909f56bfc062723c751e8b465ee728b)
Start importing Assets/Sprites/Tiles/Spring/GrassJoinHillLeft2.png using Guid(e52f5b1b7df85b84f936132b2d5b4c6f) Importer(815301076,1909f56bfc062723c751e8b465ee728b)  -> (artifact id: '2cbed4f83d2825bed037595bb4af02c8') in 0.035812 seconds 
========================================================================
Received Import Request.
  Time since last request: 0.000033 seconds.
  path: Assets/Sprites/Tiles/Spring/GrassRight.png
  artifactKey: Guid(d6aab334b617b0a4990573721b7cf4a1) Importer(815301076,1909f56bfc062723c751e8b465ee728b)
Start importing Assets/Sprites/Tiles/Spring/GrassRight.png using Guid(d6aab334b617b0a4990573721b7cf4a1) Importer(815301076,1909f56bfc062723c751e8b465ee728b)  -> (artifact id: '40b06693e7afe3b7c8067ed6eac44520') in 0.045829 seconds 
========================================================================
Received Import Request.
  Time since last request: 0.000036 seconds.
  path: Assets/Sprites/Tiles/Spring/Grass.png
  artifactKey: Guid(2feb3109639754c40acc03e8136081ef) Importer(815301076,1909f56bfc062723c751e8b465ee728b)
Start importing Assets/Sprites/Tiles/Spring/Grass.png using Guid(2feb3109639754c40acc03e8136081ef) Importer(815301076,1909f56bfc062723c751e8b465ee728b)  -> (artifact id: '00b2900e992bc1509a48018b638cc550') in 0.054820 seconds 
========================================================================
Received Import Request.
  Time since last request: 0.000032 seconds.
  path: Assets/Sprites/Tiles/Spring/GrassJoinHillRight2 DownShadow.png
  artifactKey: Guid(1623db236d8441145b70d722a7d1e212) Importer(815301076,1909f56bfc062723c751e8b465ee728b)
Start importing Assets/Sprites/Tiles/Spring/GrassJoinHillRight2 DownShadow.png using Guid(1623db236d8441145b70d722a7d1e212) Importer(815301076,1909f56bfc062723c751e8b465ee728b)  -> (artifact id: '46dd2d5d3a040937f7fe58bc54265cf5') in 0.025070 seconds 
========================================================================
Received Import Request.
  Time since last request: 0.000042 seconds.
  path: Assets/Sprites/Tiles/Spring/DirtLeftCorner.png
  artifactKey: Guid(696e4921e3ad7cf479fb36f3a7b9b36e) Importer(815301076,1909f56bfc062723c751e8b465ee728b)
Start importing Assets/Sprites/Tiles/Spring/DirtLeftCorner.png using Guid(696e4921e3ad7cf479fb36f3a7b9b36e) Importer(815301076,1909f56bfc062723c751e8b465ee728b)  -> (artifact id: '11f0db3bb3914991de653932724604bb') in 0.023100 seconds 
========================================================================
Received Import Request.
  Time since last request: 0.000036 seconds.
  path: Assets/Sprites/Tiles/Spring/GrassJoinHillRight.png
  artifactKey: Guid(4409a5c0f0bc29b48ae9a31ca6e6003e) Importer(815301076,1909f56bfc062723c751e8b465ee728b)
Start importing Assets/Sprites/Tiles/Spring/GrassJoinHillRight.png using Guid(4409a5c0f0bc29b48ae9a31ca6e6003e) Importer(815301076,1909f56bfc062723c751e8b465ee728b)  -> (artifact id: 'e9741c95cf56d9f97e55115f18b5bd4d') in 0.024608 seconds 
========================================================================
Received Import Request.
  Time since last request: 0.000051 seconds.
  path: Assets/Sprites/Tiles/Spring/GrassHillRight2 DownShadow.png
  artifactKey: Guid(fb78162c8446efa4e9f067dd3146d4dd) Importer(815301076,1909f56bfc062723c751e8b465ee728b)
Start importing Assets/Sprites/Tiles/Spring/GrassHillRight2 DownShadow.png using Guid(fb78162c8446efa4e9f067dd3146d4dd) Importer(815301076,1909f56bfc062723c751e8b465ee728b)  -> (artifact id: '1955eda92384e3eb81e1dad13a04bfb9') in 0.026047 seconds 
========================================================================
Received Import Request.
  Time since last request: 0.000039 seconds.
  path: Assets/Sprites/Tiles/Spring/DirtRight.png
  artifactKey: Guid(51da486d08a712c42b777a890813863f) Importer(815301076,1909f56bfc062723c751e8b465ee728b)
Start importing Assets/Sprites/Tiles/Spring/DirtRight.png using Guid(51da486d08a712c42b777a890813863f) Importer(815301076,1909f56bfc062723c751e8b465ee728b)  -> (artifact id: '614ebaa4cd862c2601740f355b543838') in 0.030370 seconds 
========================================================================
Received Import Request.
  Time since last request: 0.000038 seconds.
  path: Assets/Sprites/Tiles/Spring/GrassJoinHillLeft.png
  artifactKey: Guid(05fd9a3b7042a7f47a18238e12c52091) Importer(815301076,1909f56bfc062723c751e8b465ee728b)
Start importing Assets/Sprites/Tiles/Spring/GrassJoinHillLeft.png using Guid(05fd9a3b7042a7f47a18238e12c52091) Importer(815301076,1909f56bfc062723c751e8b465ee728b)  -> (artifact id: 'bb13fad02819dbfc222beec9b7a065ae') in 0.031383 seconds 
========================================================================
Received Import Request.
  Time since last request: 22.973984 seconds.
  path: Assets/Sprites/Tiles/Winter/GrassCliffMid.png
  artifactKey: Guid(21e3c13dc022dfc418a4c31445e8b4cb) Importer(815301076,1909f56bfc062723c751e8b465ee728b)
Start importing Assets/Sprites/Tiles/Winter/GrassCliffMid.png using Guid(21e3c13dc022dfc418a4c31445e8b4cb) Importer(815301076,1909f56bfc062723c751e8b465ee728b)  -> (artifact id: '19d3878d1a39eae41b755212e009059a') in 0.055867 seconds 
========================================================================
Received Import Request.
  Time since last request: 0.000047 seconds.
  path: Assets/Sprites/Tiles/Winter/GrassJoinHillRight2&Left2 DownShadow.png
  artifactKey: Guid(1e84e6029b6b6d24f8be3ed5bf654d5f) Importer(815301076,1909f56bfc062723c751e8b465ee728b)
Start importing Assets/Sprites/Tiles/Winter/GrassJoinHillRight2&Left2 DownShadow.png using Guid(1e84e6029b6b6d24f8be3ed5bf654d5f) Importer(815301076,1909f56bfc062723c751e8b465ee728b)  -> (artifact id: '83c51d90a1ddea06b4c7b86798cb309b') in 0.039970 seconds 
========================================================================
Received Import Request.
  Time since last request: 0.000030 seconds.
  path: Assets/Sprites/Tiles/Winter/GrassRight.png
  artifactKey: Guid(66edb92437fe8774ab75fd5c76aa636c) Importer(815301076,1909f56bfc062723c751e8b465ee728b)
Start importing Assets/Sprites/Tiles/Winter/GrassRight.png using Guid(66edb92437fe8774ab75fd5c76aa636c) Importer(815301076,1909f56bfc062723c751e8b465ee728b)  -> (artifact id: '6210127a397d68844b9edc93d30c23a1') in 0.045824 seconds 
========================================================================
Received Import Request.
  Time since last request: 0.000032 seconds.
  path: Assets/Sprites/Tiles/Winter/GrassJoinHillLeft2 DownShadow.png
  artifactKey: Guid(1dc9d8c7db699ef45a904939ec6360f5) Importer(815301076,1909f56bfc062723c751e8b465ee728b)
Start importing Assets/Sprites/Tiles/Winter/GrassJoinHillLeft2 DownShadow.png using Guid(1dc9d8c7db699ef45a904939ec6360f5) Importer(815301076,1909f56bfc062723c751e8b465ee728b)  -> (artifact id: '642de8ef6ad8bb1b40977309a2464535') in 0.066849 seconds 
========================================================================
Received Import Request.
  Time since last request: 0.000045 seconds.
  path: Assets/Sprites/Tiles/Winter/GrassJoinHillLeft.png
  artifactKey: Guid(c57e7963256ab5f43acb1f88a3350819) Importer(815301076,1909f56bfc062723c751e8b465ee728b)
Start importing Assets/Sprites/Tiles/Winter/GrassJoinHillLeft.png using Guid(c57e7963256ab5f43acb1f88a3350819) Importer(815301076,1909f56bfc062723c751e8b465ee728b)  -> (artifact id: '0891e2ad5bf9879a1f5f173584396f77') in 0.039150 seconds 
========================================================================
Received Import Request.
  Time since last request: 0.000028 seconds.
  path: Assets/Sprites/Tiles/Winter/GrassJoinHillRight.png
  artifactKey: Guid(476b0c895acec2e40b552299bfa59c39) Importer(815301076,1909f56bfc062723c751e8b465ee728b)
Start importing Assets/Sprites/Tiles/Winter/GrassJoinHillRight.png using Guid(476b0c895acec2e40b552299bfa59c39) Importer(815301076,1909f56bfc062723c751e8b465ee728b)  -> (artifact id: '619ed0d3a64b955c41786a4c527c979c') in 0.065093 seconds 
========================================================================
Received Import Request.
  Time since last request: 0.000029 seconds.
  path: Assets/Sprites/Tiles/Winter/GrassJoinHillRight2&Left2.png
  artifactKey: Guid(9d26531775de7df4ba0e6b161c56d9cb) Importer(815301076,1909f56bfc062723c751e8b465ee728b)
Start importing Assets/Sprites/Tiles/Winter/GrassJoinHillRight2&Left2.png using Guid(9d26531775de7df4ba0e6b161c56d9cb) Importer(815301076,1909f56bfc062723c751e8b465ee728b)  -> (artifact id: '3a1bf2dde7c2b3355c5c0de4e8e4c093') in 0.052770 seconds 
========================================================================
Received Import Request.
  Time since last request: 0.000029 seconds.
  path: Assets/Sprites/Tiles/Winter/GrassHillLeft2 DownShadow.png
  artifactKey: Guid(f6a593cc5c90bc04c8c7a1f05682d170) Importer(815301076,1909f56bfc062723c751e8b465ee728b)
Start importing Assets/Sprites/Tiles/Winter/GrassHillLeft2 DownShadow.png using Guid(f6a593cc5c90bc04c8c7a1f05682d170) Importer(815301076,1909f56bfc062723c751e8b465ee728b)  -> (artifact id: '517763f6798e4ca9c27bd548e88f7868') in 0.025152 seconds 
========================================================================
Received Import Request.
  Time since last request: 14.850730 seconds.
  path: Assets/Sprites/TilePalette/Asset 41.asset
  artifactKey: Guid(7b31b2aab971c8046bd9ac0b5f94f336) Importer(815301076,1909f56bfc062723c751e8b465ee728b)
Start importing Assets/Sprites/TilePalette/Asset 41.asset using Guid(7b31b2aab971c8046bd9ac0b5f94f336) Importer(815301076,1909f56bfc062723c751e8b465ee728b)  -> (artifact id: '80951c9bed11ad25cb82551d5e95474b') in 0.010611 seconds 
========================================================================
Received Import Request.
  Time since last request: 0.000038 seconds.
  path: Assets/Sprites/TilePalette/GrassJoinHillRight2&Left2.asset
  artifactKey: Guid(8f67001011da6af44af8eb2800f80648) Importer(815301076,1909f56bfc062723c751e8b465ee728b)
Start importing Assets/Sprites/TilePalette/GrassJoinHillRight2&Left2.asset using Guid(8f67001011da6af44af8eb2800f80648) Importer(815301076,1909f56bfc062723c751e8b465ee728b)  -> (artifact id: '47b445bcf82d470dc8ce3ed60bd86dc1') in 0.009948 seconds 
========================================================================
Received Import Request.
  Time since last request: 0.000027 seconds.
  path: Assets/Sprites/TilePalette/GrassRight 1.asset
  artifactKey: Guid(974f89c86aca8f944aebaaa30ea61a82) Importer(815301076,1909f56bfc062723c751e8b465ee728b)
Start importing Assets/Sprites/TilePalette/GrassRight 1.asset using Guid(974f89c86aca8f944aebaaa30ea61a82) Importer(815301076,1909f56bfc062723c751e8b465ee728b)  -> (artifact id: 'c40d84f06834c6f8a39027d67b048c2c') in 0.009989 seconds 
========================================================================
Received Import Request.
  Time since last request: 0.000036 seconds.
  path: Assets/Sprites/TilePalette/Dirt.asset
  artifactKey: Guid(32ad0c563f81a2d4583a737288354f2f) Importer(815301076,1909f56bfc062723c751e8b465ee728b)
Start importing Assets/Sprites/TilePalette/Dirt.asset using Guid(32ad0c563f81a2d4583a737288354f2f) Importer(815301076,1909f56bfc062723c751e8b465ee728b)  -> (artifact id: 'bf87048e7320bc0ad91648f13c5ff161') in 0.010941 seconds 
========================================================================
Received Import Request.
  Time since last request: 0.000031 seconds.
  path: Assets/Sprites/TilePalette/Grass 1.asset
  artifactKey: Guid(c01514c3ab97de64cb06f1e2595513cb) Importer(815301076,1909f56bfc062723c751e8b465ee728b)
Start importing Assets/Sprites/TilePalette/Grass 1.asset using Guid(c01514c3ab97de64cb06f1e2595513cb) Importer(815301076,1909f56bfc062723c751e8b465ee728b)  -> (artifact id: '56c664d2313f0809287cd756491932bb') in 0.010272 seconds 
========================================================================
Received Import Request.
  Time since last request: 0.000027 seconds.
  path: Assets/Sprites/TilePalette/GrassHillRight2 1.asset
  artifactKey: Guid(38975aab8e2e2ff47a0aed7e89a0e51b) Importer(815301076,1909f56bfc062723c751e8b465ee728b)
Start importing Assets/Sprites/TilePalette/GrassHillRight2 1.asset using Guid(38975aab8e2e2ff47a0aed7e89a0e51b) Importer(815301076,1909f56bfc062723c751e8b465ee728b)  -> (artifact id: '355ef15a9cfabe8e39aa1ec725c75436') in 0.011826 seconds 
========================================================================
Received Import Request.
  Time since last request: 0.000023 seconds.
  path: Assets/Sprites/TilePalette/Winter.prefab
  artifactKey: Guid(05de267292396324daed9bed41623a0f) Importer(815301076,1909f56bfc062723c751e8b465ee728b)
Start importing Assets/Sprites/TilePalette/Winter.prefab using Guid(05de267292396324daed9bed41623a0f) Importer(815301076,1909f56bfc062723c751e8b465ee728b)  -> (artifact id: '81f2a02e3b482a686d6a79813f2f55c0') in 0.053951 seconds 
========================================================================
Received Import Request.
  Time since last request: 0.000046 seconds.
  path: Assets/Sprites/TilePalette/GrassHillLeft2 DownShadow.asset
  artifactKey: Guid(2126963fc88f209499ec7ef0d6266e13) Importer(815301076,1909f56bfc062723c751e8b465ee728b)
Start importing Assets/Sprites/TilePalette/GrassHillLeft2 DownShadow.asset using Guid(2126963fc88f209499ec7ef0d6266e13) Importer(815301076,1909f56bfc062723c751e8b465ee728b)  -> (artifact id: '95678d5cfbcc142508f8f5d38d44e5b5') in 0.010402 seconds 
========================================================================
Received Import Request.
  Time since last request: 0.000040 seconds.
  path: Assets/Sprites/TilePalette/GrassJoinHillLeft2 1.asset
  artifactKey: Guid(0d6c393efc7eda44e8669fa7428fe3f3) Importer(815301076,1909f56bfc062723c751e8b465ee728b)
Start importing Assets/Sprites/TilePalette/GrassJoinHillLeft2 1.asset using Guid(0d6c393efc7eda44e8669fa7428fe3f3) Importer(815301076,1909f56bfc062723c751e8b465ee728b)  -> (artifact id: '25f88528583f158c2d83065a2f6fa04f') in 0.013664 seconds 
========================================================================
Received Import Request.
  Time since last request: 0.000031 seconds.
  path: Assets/Sprites/TilePalette/GrassJoinHillRight.asset
  artifactKey: Guid(6f4063c251f90ed4780a61e540ad9b45) Importer(815301076,1909f56bfc062723c751e8b465ee728b)
Start importing Assets/Sprites/TilePalette/GrassJoinHillRight.asset using Guid(6f4063c251f90ed4780a61e540ad9b45) Importer(815301076,1909f56bfc062723c751e8b465ee728b)  -> (artifact id: '4e6523dd9eb794319e44040bea98a812') in 0.008687 seconds 
========================================================================
Received Import Request.
  Time since last request: 0.000021 seconds.
  path: Assets/Sprites/TilePalette/DirtRight.asset
  artifactKey: Guid(2e7913321bf1aff4bb94424c432aef36) Importer(815301076,1909f56bfc062723c751e8b465ee728b)
Start importing Assets/Sprites/TilePalette/DirtRight.asset using Guid(2e7913321bf1aff4bb94424c432aef36) Importer(815301076,1909f56bfc062723c751e8b465ee728b)  -> (artifact id: '7f78f9080a5f9fd03a56eb4fbefefc38') in 0.010076 seconds 
========================================================================
Received Import Request.
  Time since last request: 0.000023 seconds.
  path: Assets/Sprites/TilePalette/GrassHillLeft2 DownShadow 1.asset
  artifactKey: Guid(c5e63f1da13770c45a24d0325c301ddd) Importer(815301076,1909f56bfc062723c751e8b465ee728b)
Start importing Assets/Sprites/TilePalette/GrassHillLeft2 DownShadow 1.asset using Guid(c5e63f1da13770c45a24d0325c301ddd) Importer(815301076,1909f56bfc062723c751e8b465ee728b)  -> (artifact id: '941afd409a6a27327adc9c8760d22e8e') in 0.010205 seconds 
========================================================================
Received Import Request.
  Time since last request: 0.000036 seconds.
  path: Assets/Sprites/TilePalette/GrassHillRight2 DownShadow 1.asset
  artifactKey: Guid(26d0b6a31cee7c64f91f657b331b5737) Importer(815301076,1909f56bfc062723c751e8b465ee728b)
Start importing Assets/Sprites/TilePalette/GrassHillRight2 DownShadow 1.asset using Guid(26d0b6a31cee7c64f91f657b331b5737) Importer(815301076,1909f56bfc062723c751e8b465ee728b)  -> (artifact id: 'e3900e04d0ac64426138f0c581f0d031') in 0.011804 seconds 
========================================================================
Received Import Request.
  Time since last request: 0.000027 seconds.
  path: Assets/Sprites/TilePalette/DirtLeftCorner.asset
  artifactKey: Guid(cc192b886006c124091d0c5693f4a655) Importer(815301076,1909f56bfc062723c751e8b465ee728b)
Start importing Assets/Sprites/TilePalette/DirtLeftCorner.asset using Guid(cc192b886006c124091d0c5693f4a655) Importer(815301076,1909f56bfc062723c751e8b465ee728b)  -> (artifact id: '2c3b7db05c1ad0e7c3a90b5d06e9a8af') in 0.008996 seconds 
========================================================================
Received Import Request.
  Time since last request: 0.000024 seconds.
  path: Assets/Sprites/TilePalette/GrassJoinHillRight2&Left2 DownShadow.asset
  artifactKey: Guid(61c0918f398c81146b49a6de21a1fe98) Importer(815301076,1909f56bfc062723c751e8b465ee728b)
Start importing Assets/Sprites/TilePalette/GrassJoinHillRight2&Left2 DownShadow.asset using Guid(61c0918f398c81146b49a6de21a1fe98) Importer(815301076,1909f56bfc062723c751e8b465ee728b)  -> (artifact id: 'd82ce668ab430be2038485333faa3cac') in 0.010289 seconds 
========================================================================
Received Import Request.
  Time since last request: 0.000028 seconds.
  path: Assets/Sprites/TilePalette/GrassMid 1.asset
  artifactKey: Guid(561ed0da7d21a9147803d9962a034a91) Importer(815301076,1909f56bfc062723c751e8b465ee728b)
Start importing Assets/Sprites/TilePalette/GrassMid 1.asset using Guid(561ed0da7d21a9147803d9962a034a91) Importer(815301076,1909f56bfc062723c751e8b465ee728b)  -> (artifact id: 'd70aa396bd20ce36f93e2ceb10b3b121') in 0.010407 seconds 
========================================================================
Received Import Request.
  Time since last request: 0.000023 seconds.
  path: Assets/Sprites/TilePalette/column_up.asset
  artifactKey: Guid(c8dfb187b58648447a5a3f8988bd0a9d) Importer(815301076,1909f56bfc062723c751e8b465ee728b)
Start importing Assets/Sprites/TilePalette/column_up.asset using Guid(c8dfb187b58648447a5a3f8988bd0a9d) Importer(815301076,1909f56bfc062723c751e8b465ee728b)  -> (artifact id: '6d2168a5bff8b813a418f08eaf8d7f15') in 0.010179 seconds 
========================================================================
Received Import Request.
  Time since last request: 0.000035 seconds.
  path: Assets/Sprites/TilePalette/GrassCliffMid.asset
  artifactKey: Guid(be20fc3d7fe064d4cba1d9ef52f71a9d) Importer(815301076,1909f56bfc062723c751e8b465ee728b)
Start importing Assets/Sprites/TilePalette/GrassCliffMid.asset using Guid(be20fc3d7fe064d4cba1d9ef52f71a9d) Importer(815301076,1909f56bfc062723c751e8b465ee728b)  -> (artifact id: '62607b434364e90bfbac795a3c16843a') in 0.011700 seconds 
========================================================================
Received Import Request.
  Time since last request: 0.000030 seconds.
  path: Assets/Sprites/TilePalette/GrassCliffLeft.asset
  artifactKey: Guid(3c431b799b07c4641af2df054be26902) Importer(815301076,1909f56bfc062723c751e8b465ee728b)
Start importing Assets/Sprites/TilePalette/GrassCliffLeft.asset using Guid(3c431b799b07c4641af2df054be26902) Importer(815301076,1909f56bfc062723c751e8b465ee728b)  -> (artifact id: '0c61699d4f1544bb4826f5bf05dc6778') in 0.010667 seconds 
========================================================================
Received Import Request.
  Time since last request: 0.000028 seconds.
  path: Assets/Sprites/TilePalette/GrassHillLeft2.asset
  artifactKey: Guid(90b67591432032145bdf93ba22203275) Importer(815301076,1909f56bfc062723c751e8b465ee728b)
Start importing Assets/Sprites/TilePalette/GrassHillLeft2.asset using Guid(90b67591432032145bdf93ba22203275) Importer(815301076,1909f56bfc062723c751e8b465ee728b)  -> (artifact id: 'd658a794090405d7052cf8406a2c3988') in 0.009500 seconds 
========================================================================
Received Import Request.
  Time since last request: 31.624736 seconds.
  path: Assets/Sprites/Tiles/Autumn/GrassCliffMid.png
  artifactKey: Guid(5f8c0f09272ba24478e0c000964120a9) Importer(815301076,1909f56bfc062723c751e8b465ee728b)
Start importing Assets/Sprites/Tiles/Autumn/GrassCliffMid.png using Guid(5f8c0f09272ba24478e0c000964120a9) Importer(815301076,1909f56bfc062723c751e8b465ee728b)  -> (artifact id: 'ffb989aa14b03b1baa925955aaa395ea') in 0.077061 seconds 
========================================================================
Received Import Request.
  Time since last request: 0.000028 seconds.
  path: Assets/Sprites/Tiles/Autumn/GrassHillLeft2 DownShadow.png
  artifactKey: Guid(dcf2535ded6aeec43aa7f2ca5c480eb4) Importer(815301076,1909f56bfc062723c751e8b465ee728b)
Start importing Assets/Sprites/Tiles/Autumn/GrassHillLeft2 DownShadow.png using Guid(dcf2535ded6aeec43aa7f2ca5c480eb4) Importer(815301076,1909f56bfc062723c751e8b465ee728b)  -> (artifact id: '79e9974d4753f24a43167c9a69782be2') in 0.034223 seconds 
========================================================================
Received Import Request.
  Time since last request: 0.000046 seconds.
  path: Assets/Sprites/Tiles/Autumn/GrassJoinHillRight.png
  artifactKey: Guid(018876e5ce346ef4fa9146c9260dcd2d) Importer(815301076,1909f56bfc062723c751e8b465ee728b)
Start importing Assets/Sprites/Tiles/Autumn/GrassJoinHillRight.png using Guid(018876e5ce346ef4fa9146c9260dcd2d) Importer(815301076,1909f56bfc062723c751e8b465ee728b)  -> (artifact id: '116ac90d024532b2aeb79bd3a69ca363') in 0.056268 seconds 
========================================================================
Received Import Request.
  Time since last request: 0.000030 seconds.
  path: Assets/Sprites/Tiles/Autumn/GrassHillRight2 DownShadow.png
  artifactKey: Guid(7319299682325ef4e9f0798dfef3d2e0) Importer(815301076,1909f56bfc062723c751e8b465ee728b)
Start importing Assets/Sprites/Tiles/Autumn/GrassHillRight2 DownShadow.png using Guid(7319299682325ef4e9f0798dfef3d2e0) Importer(815301076,1909f56bfc062723c751e8b465ee728b)  -> (artifact id: '6a54ae03059399e669dce277dd59b206') in 0.029479 seconds 
========================================================================
Received Import Request.
  Time since last request: 0.000037 seconds.
  path: Assets/Sprites/Tiles/Autumn/GrassJoinHillRight2&Left2.png
  artifactKey: Guid(1f4cd4a6e9813544291ad1bddaeb0d49) Importer(815301076,1909f56bfc062723c751e8b465ee728b)
Start importing Assets/Sprites/Tiles/Autumn/GrassJoinHillRight2&Left2.png using Guid(1f4cd4a6e9813544291ad1bddaeb0d49) Importer(815301076,1909f56bfc062723c751e8b465ee728b)  -> (artifact id: '9122806c6d386fe878cd4ff4bc8e12ab') in 0.031561 seconds 
========================================================================
Received Import Request.
  Time since last request: 0.000032 seconds.
  path: Assets/Sprites/Tiles/Autumn/GrassJoinHillRight2.png
  artifactKey: Guid(dee4a7d7b3ff4a449a04232d94bebbc9) Importer(815301076,1909f56bfc062723c751e8b465ee728b)
Start importing Assets/Sprites/Tiles/Autumn/GrassJoinHillRight2.png using Guid(dee4a7d7b3ff4a449a04232d94bebbc9) Importer(815301076,1909f56bfc062723c751e8b465ee728b)  -> (artifact id: 'bbf658498e5e0b18669b8b6681bc0114') in 0.033052 seconds 
========================================================================
Received Import Request.
  Time since last request: 0.000030 seconds.
  path: Assets/Sprites/Tiles/Autumn/GrassJoinHillLeft2 DownShadow.png
  artifactKey: Guid(2bad941835524ab4db81aa640659f7c2) Importer(815301076,1909f56bfc062723c751e8b465ee728b)
Start importing Assets/Sprites/Tiles/Autumn/GrassJoinHillLeft2 DownShadow.png using Guid(2bad941835524ab4db81aa640659f7c2) Importer(815301076,1909f56bfc062723c751e8b465ee728b)  -> (artifact id: '964f7d6c86adcceb6c52d8be4dfff8a6') in 0.037109 seconds 
========================================================================
Received Import Request.
  Time since last request: 0.000035 seconds.
  path: Assets/Sprites/Tiles/Autumn/GrassHillRight2.png
  artifactKey: Guid(f5e90e99575016d4284fd99ce2c9fbfb) Importer(815301076,1909f56bfc062723c751e8b465ee728b)
Start importing Assets/Sprites/Tiles/Autumn/GrassHillRight2.png using Guid(f5e90e99575016d4284fd99ce2c9fbfb) Importer(815301076,1909f56bfc062723c751e8b465ee728b)  -> (artifact id: '5890c82a858043070ab1409a1fc0b5c7') in 0.026937 seconds 
========================================================================
Received Import Request.
  Time since last request: 281.919507 seconds.
  path: Assets/Sprites/Tiles/Winter/GrassCliffMid.png
  artifactKey: Guid(21e3c13dc022dfc418a4c31445e8b4cb) Importer(815301076,1909f56bfc062723c751e8b465ee728b)
Start importing Assets/Sprites/Tiles/Winter/GrassCliffMid.png using Guid(21e3c13dc022dfc418a4c31445e8b4cb) Importer(815301076,1909f56bfc062723c751e8b465ee728b)  -> (artifact id: 'b88200657484de90991c2ed7c25834d8') in 0.115749 seconds 
========================================================================
Received Import Request.
  Time since last request: 0.000038 seconds.
  path: Assets/Sprites/Tiles/Winter/GrassJoinHillLeft2.png
  artifactKey: Guid(2f9c881e31216ff4a8d3a22dc526ba81) Importer(815301076,1909f56bfc062723c751e8b465ee728b)
Start importing Assets/Sprites/Tiles/Winter/GrassJoinHillLeft2.png using Guid(2f9c881e31216ff4a8d3a22dc526ba81) Importer(815301076,1909f56bfc062723c751e8b465ee728b)  -> (artifact id: '137eee204d05eb835bade19efc0d7703') in 0.066736 seconds 
========================================================================
Received Import Request.
  Time since last request: 0.000034 seconds.
  path: Assets/Sprites/Tiles/Winter/GrassMid.png
  artifactKey: Guid(cd08105ea0ec4384eb8cf8e28d948726) Importer(815301076,1909f56bfc062723c751e8b465ee728b)
Start importing Assets/Sprites/Tiles/Winter/GrassMid.png using Guid(cd08105ea0ec4384eb8cf8e28d948726) Importer(815301076,1909f56bfc062723c751e8b465ee728b)  -> (artifact id: '168ff9acf91b305b027e09b9e4036174') in 0.069106 seconds 
========================================================================
Received Import Request.
  Time since last request: 0.000028 seconds.
  path: Assets/Sprites/Tiles/Winter/GrassHillRight2.png
  artifactKey: Guid(d88346dfabb165a4ebfaeba8d0ba23bf) Importer(815301076,1909f56bfc062723c751e8b465ee728b)
Start importing Assets/Sprites/Tiles/Winter/GrassHillRight2.png using Guid(d88346dfabb165a4ebfaeba8d0ba23bf) Importer(815301076,1909f56bfc062723c751e8b465ee728b)  -> (artifact id: 'dcc0a1f18db00baf9b7ff90d4769ddaa') in 0.033308 seconds 
========================================================================
Received Import Request.
  Time since last request: 0.000105 seconds.
  path: Assets/Sprites/Tiles/Winter/GrassJoinHillRight&Left.png
  artifactKey: Guid(2e0323932dc948e4496f91b7494ac245) Importer(815301076,1909f56bfc062723c751e8b465ee728b)
Start importing Assets/Sprites/Tiles/Winter/GrassJoinHillRight&Left.png using Guid(2e0323932dc948e4496f91b7494ac245) Importer(815301076,1909f56bfc062723c751e8b465ee728b)  -> (artifact id: '2c82b267e29e7337902e7842b04a98dd') in 0.057771 seconds 
========================================================================
Received Import Request.
  Time since last request: 0.000039 seconds.
  path: Assets/Sprites/Tiles/Winter/GrassJoinHillRight2&Left2 DownShadow.png
  artifactKey: Guid(1e84e6029b6b6d24f8be3ed5bf654d5f) Importer(815301076,1909f56bfc062723c751e8b465ee728b)
Start importing Assets/Sprites/Tiles/Winter/GrassJoinHillRight2&Left2 DownShadow.png using Guid(1e84e6029b6b6d24f8be3ed5bf654d5f) Importer(815301076,1909f56bfc062723c751e8b465ee728b)  -> (artifact id: 'aeb5656dfc0479d2c4afad140cd846d4') in 0.030302 seconds 
========================================================================
Received Import Request.
  Time since last request: 0.000024 seconds.
  path: Assets/Sprites/Tiles/Winter/GrassHillRight.png
  artifactKey: Guid(ffa137988ed77f9448b8d72cec72fed0) Importer(815301076,1909f56bfc062723c751e8b465ee728b)
Start importing Assets/Sprites/Tiles/Winter/GrassHillRight.png using Guid(ffa137988ed77f9448b8d72cec72fed0) Importer(815301076,1909f56bfc062723c751e8b465ee728b)  -> (artifact id: 'e43debd6c5e740fc3a6b25cff4381dfb') in 0.039502 seconds 
========================================================================
Received Import Request.
  Time since last request: 0.000042 seconds.
  path: Assets/Sprites/Tiles/Winter/GrassJoinHillRight.png
  artifactKey: Guid(476b0c895acec2e40b552299bfa59c39) Importer(815301076,1909f56bfc062723c751e8b465ee728b)
Start importing Assets/Sprites/Tiles/Winter/GrassJoinHillRight.png using Guid(476b0c895acec2e40b552299bfa59c39) Importer(815301076,1909f56bfc062723c751e8b465ee728b)  -> (artifact id: '77b492ae2c2dc7daf7cad29bcf199419') in 0.024873 seconds 
========================================================================
Received Import Request.
  Time since last request: 0.000037 seconds.
  path: Assets/Sprites/Tiles/Winter/GrassCliffRight.png
  artifactKey: Guid(497ac16752f198b4b9624d0ace990512) Importer(815301076,1909f56bfc062723c751e8b465ee728b)
Start importing Assets/Sprites/Tiles/Winter/GrassCliffRight.png using Guid(497ac16752f198b4b9624d0ace990512) Importer(815301076,1909f56bfc062723c751e8b465ee728b)  -> (artifact id: 'f15834a8a856087ac1ba08a24d13a55b') in 0.034989 seconds 
========================================================================
Received Import Request.
  Time since last request: 0.000026 seconds.
  path: Assets/Sprites/Tiles/Winter/GrassJoinHillRight2&Left2.png
  artifactKey: Guid(9d26531775de7df4ba0e6b161c56d9cb) Importer(815301076,1909f56bfc062723c751e8b465ee728b)
Start importing Assets/Sprites/Tiles/Winter/GrassJoinHillRight2&Left2.png using Guid(9d26531775de7df4ba0e6b161c56d9cb) Importer(815301076,1909f56bfc062723c751e8b465ee728b)  -> (artifact id: 'a21f95ad89f9f2b42fa28208e2e0b35b') in 0.067588 seconds 
========================================================================
Received Import Request.
  Time since last request: 36.191332 seconds.
  path: Assets/Sprites/Tiles/Winter/GrassCliffRight.png
  artifactKey: Guid(497ac16752f198b4b9624d0ace990512) Importer(815301076,1909f56bfc062723c751e8b465ee728b)
Start importing Assets/Sprites/Tiles/Winter/GrassCliffRight.png using Guid(497ac16752f198b4b9624d0ace990512) Importer(815301076,1909f56bfc062723c751e8b465ee728b)  -> (artifact id: '90c61aa7cc8d1bf396b92e00981ad15b') in 0.078312 seconds 
========================================================================
Received Import Request.
  Time since last request: 0.000030 seconds.
  path: Assets/Sprites/Tiles/Winter/GrassJoinHillLeft2.png
  artifactKey: Guid(2f9c881e31216ff4a8d3a22dc526ba81) Importer(815301076,1909f56bfc062723c751e8b465ee728b)
Start importing Assets/Sprites/Tiles/Winter/GrassJoinHillLeft2.png using Guid(2f9c881e31216ff4a8d3a22dc526ba81) Importer(815301076,1909f56bfc062723c751e8b465ee728b)  -> (artifact id: '25d1ec96d78ca803acf538c330f1ef91') in 0.037215 seconds 
========================================================================
Received Import Request.
  Time since last request: 0.000036 seconds.
  path: Assets/Sprites/Tiles/Winter/GrassMid.png
  artifactKey: Guid(cd08105ea0ec4384eb8cf8e28d948726) Importer(815301076,1909f56bfc062723c751e8b465ee728b)
Start importing Assets/Sprites/Tiles/Winter/GrassMid.png using Guid(cd08105ea0ec4384eb8cf8e28d948726) Importer(815301076,1909f56bfc062723c751e8b465ee728b)  -> (artifact id: '5c4c50a32a8555a661f5c301f0bda2f5') in 0.027631 seconds 
========================================================================
Received Import Request.
  Time since last request: 0.000035 seconds.
  path: Assets/Sprites/Tiles/Winter/GrassHillRight2.png
  artifactKey: Guid(d88346dfabb165a4ebfaeba8d0ba23bf) Importer(815301076,1909f56bfc062723c751e8b465ee728b)
Start importing Assets/Sprites/Tiles/Winter/GrassHillRight2.png using Guid(d88346dfabb165a4ebfaeba8d0ba23bf) Importer(815301076,1909f56bfc062723c751e8b465ee728b)  -> (artifact id: '90390d2a7ef236dac415839a984e2a4d') in 0.026827 seconds 
========================================================================
Received Import Request.
  Time since last request: 0.000047 seconds.
  path: Assets/Sprites/Tiles/Winter/GrassJoinHillRight&Left.png
  artifactKey: Guid(2e0323932dc948e4496f91b7494ac245) Importer(815301076,1909f56bfc062723c751e8b465ee728b)
Start importing Assets/Sprites/Tiles/Winter/GrassJoinHillRight&Left.png using Guid(2e0323932dc948e4496f91b7494ac245) Importer(815301076,1909f56bfc062723c751e8b465ee728b)  -> (artifact id: 'dbb3635c205950c6bc7f857f8fa0e80e') in 0.048243 seconds 
========================================================================
Received Import Request.
  Time since last request: 0.000036 seconds.
  path: Assets/Sprites/Tiles/Winter/GrassJoinHillRight2.png
  artifactKey: Guid(0637e0c8de4dea24b884a13e2ceb810f) Importer(815301076,1909f56bfc062723c751e8b465ee728b)
Start importing Assets/Sprites/Tiles/Winter/GrassJoinHillRight2.png using Guid(0637e0c8de4dea24b884a13e2ceb810f) Importer(815301076,1909f56bfc062723c751e8b465ee728b)  -> (artifact id: '871817b9ac2d1e47500e0e70a6a1cc26') in 0.040199 seconds 
========================================================================
Received Import Request.
  Time since last request: 0.000033 seconds.
  path: Assets/Sprites/Tiles/Winter/GrassJoinHillLeft2 DownShadow.png
  artifactKey: Guid(1dc9d8c7db699ef45a904939ec6360f5) Importer(815301076,1909f56bfc062723c751e8b465ee728b)
Start importing Assets/Sprites/Tiles/Winter/GrassJoinHillLeft2 DownShadow.png using Guid(1dc9d8c7db699ef45a904939ec6360f5) Importer(815301076,1909f56bfc062723c751e8b465ee728b)  -> (artifact id: 'ffffe55f3a247645afe06c2009e2df3b') in 0.046581 seconds 
========================================================================
Received Import Request.
  Time since last request: 0.000024 seconds.
  path: Assets/Sprites/Tiles/Winter/GrassHillLeft.png
  artifactKey: Guid(8aa2afa039fa6de4c96df34f079a4cc6) Importer(815301076,1909f56bfc062723c751e8b465ee728b)
Start importing Assets/Sprites/Tiles/Winter/GrassHillLeft.png using Guid(8aa2afa039fa6de4c96df34f079a4cc6) Importer(815301076,1909f56bfc062723c751e8b465ee728b)  -> (artifact id: '0af37be48029e6f142db67422b93350c') in 0.041249 seconds 
========================================================================
Received Import Request.
  Time since last request: 0.000037 seconds.
  path: Assets/Sprites/Tiles/Winter/GrassJoinHillRight2&Left2.png
  artifactKey: Guid(9d26531775de7df4ba0e6b161c56d9cb) Importer(815301076,1909f56bfc062723c751e8b465ee728b)
Start importing Assets/Sprites/Tiles/Winter/GrassJoinHillRight2&Left2.png using Guid(9d26531775de7df4ba0e6b161c56d9cb) Importer(815301076,1909f56bfc062723c751e8b465ee728b)  -> (artifact id: '4ac80084475e81065bceede83d1df191') in 0.034035 seconds 
========================================================================
Received Import Request.
  Time since last request: 177.047571 seconds.
  path: Assets/Sprites/TilePalette/Grass 1.asset
  artifactKey: Guid(c01514c3ab97de64cb06f1e2595513cb) Importer(815301076,1909f56bfc062723c751e8b465ee728b)
Start importing Assets/Sprites/TilePalette/Grass 1.asset using Guid(c01514c3ab97de64cb06f1e2595513cb) Importer(815301076,1909f56bfc062723c751e8b465ee728b)  -> (artifact id: '0484928b82385b5a1a2f19e44f56c9bc') in 0.012153 seconds 
========================================================================
Received Import Request.
  Time since last request: 0.010314 seconds.
  path: Assets/Sprites/TilePalette/Grass 2.asset
  artifactKey: Guid(9bf5b9f5f00adcb42a1c135949a4b646) Importer(815301076,1909f56bfc062723c751e8b465ee728b)
Start importing Assets/Sprites/TilePalette/Grass 2.asset using Guid(9bf5b9f5f00adcb42a1c135949a4b646) Importer(815301076,1909f56bfc062723c751e8b465ee728b)  -> (artifact id: 'c7e72c563003ce2888efefa7d49fab4d') in 0.011246 seconds 
========================================================================
Received Import Request.
  Time since last request: 0.000034 seconds.
  path: Assets/Sprites/TilePalette/GrassCliffMid 2.asset
  artifactKey: Guid(d19997f331737fe4ea27cd77fbe86aa6) Importer(815301076,1909f56bfc062723c751e8b465ee728b)
Start importing Assets/Sprites/TilePalette/GrassCliffMid 2.asset using Guid(d19997f331737fe4ea27cd77fbe86aa6) Importer(815301076,1909f56bfc062723c751e8b465ee728b)  -> (artifact id: '9c22e58016340958a2e1a551b18951b9') in 0.009840 seconds 
========================================================================
Received Import Request.
  Time since last request: 0.000035 seconds.
  path: Assets/Sprites/TilePalette/GrassHillRight2 2.asset
  artifactKey: Guid(9ead4978996abbe4c8079d45881744da) Importer(815301076,1909f56bfc062723c751e8b465ee728b)
Start importing Assets/Sprites/TilePalette/GrassHillRight2 2.asset using Guid(9ead4978996abbe4c8079d45881744da) Importer(815301076,1909f56bfc062723c751e8b465ee728b)  -> (artifact id: '407d398d8c3ba5a2ac66b96d042697de') in 0.010861 seconds 
========================================================================
Received Import Request.
  Time since last request: 0.000022 seconds.
  path: Assets/Sprites/TilePalette/GrassRight 1.asset
  artifactKey: Guid(974f89c86aca8f944aebaaa30ea61a82) Importer(815301076,1909f56bfc062723c751e8b465ee728b)
Start importing Assets/Sprites/TilePalette/GrassRight 1.asset using Guid(974f89c86aca8f944aebaaa30ea61a82) Importer(815301076,1909f56bfc062723c751e8b465ee728b)  -> (artifact id: '156b4d0ba61d5b695d43a25577819198') in 0.010593 seconds 
========================================================================
Received Import Request.
  Time since last request: 0.000028 seconds.
  path: Assets/Sprites/TilePalette/GrassRight 2.asset
  artifactKey: Guid(d9813c4a998305648a35a31b451bcce4) Importer(815301076,1909f56bfc062723c751e8b465ee728b)
Start importing Assets/Sprites/TilePalette/GrassRight 2.asset using Guid(d9813c4a998305648a35a31b451bcce4) Importer(815301076,1909f56bfc062723c751e8b465ee728b)  -> (artifact id: '997cc3ca9d48af786fd5212f34a71534') in 0.010550 seconds 
========================================================================
Received Import Request.
  Time since last request: 0.000029 seconds.
  path: Assets/Sprites/TilePalette/GrassHillRight2 1.asset
  artifactKey: Guid(38975aab8e2e2ff47a0aed7e89a0e51b) Importer(815301076,1909f56bfc062723c751e8b465ee728b)
Start importing Assets/Sprites/TilePalette/GrassHillRight2 1.asset using Guid(38975aab8e2e2ff47a0aed7e89a0e51b) Importer(815301076,1909f56bfc062723c751e8b465ee728b)  -> (artifact id: '1933cd6d99e4510737ddc03af72de548') in 0.009860 seconds 
========================================================================
Received Import Request.
  Time since last request: 0.000039 seconds.
  path: Assets/Sprites/TilePalette/GrassJoinHillLeft2 DownShadow 2.asset
  artifactKey: Guid(086c680f53d715e488e06a7290de4a6c) Importer(815301076,1909f56bfc062723c751e8b465ee728b)
Start importing Assets/Sprites/TilePalette/GrassJoinHillLeft2 DownShadow 2.asset using Guid(086c680f53d715e488e06a7290de4a6c) Importer(815301076,1909f56bfc062723c751e8b465ee728b)  -> (artifact id: '378f33b2f30f4b27093db96b3487a2e6') in 0.013949 seconds 
========================================================================
Received Import Request.
  Time since last request: 0.000025 seconds.
  path: Assets/Sprites/TilePalette/GrassJoinHillLeft&Right 1.asset
  artifactKey: Guid(5d27bd09af0765949bf3999538268296) Importer(815301076,1909f56bfc062723c751e8b465ee728b)
Start importing Assets/Sprites/TilePalette/GrassJoinHillLeft&Right 1.asset using Guid(5d27bd09af0765949bf3999538268296) Importer(815301076,1909f56bfc062723c751e8b465ee728b)  -> (artifact id: '1d4ee44651fdb10b726cd693488afcc8') in 0.012071 seconds 
========================================================================
Received Import Request.
  Time since last request: 0.000028 seconds.
  path: Assets/Sprites/TilePalette/GrassJoinHillLeft2 DownShadow 1.asset
  artifactKey: Guid(7d1cb2ae51d0fc64abcfea4568ae1657) Importer(815301076,1909f56bfc062723c751e8b465ee728b)
Start importing Assets/Sprites/TilePalette/GrassJoinHillLeft2 DownShadow 1.asset using Guid(7d1cb2ae51d0fc64abcfea4568ae1657) Importer(815301076,1909f56bfc062723c751e8b465ee728b)  -> (artifact id: 'f7535c2f8fc78565a35047c35f61117c') in 0.010647 seconds 
========================================================================
Received Import Request.
  Time since last request: 0.000029 seconds.
  path: Assets/Sprites/TilePalette/GrassJoinHillLeft2 1.asset
  artifactKey: Guid(0d6c393efc7eda44e8669fa7428fe3f3) Importer(815301076,1909f56bfc062723c751e8b465ee728b)
Start importing Assets/Sprites/TilePalette/GrassJoinHillLeft2 1.asset using Guid(0d6c393efc7eda44e8669fa7428fe3f3) Importer(815301076,1909f56bfc062723c751e8b465ee728b)  -> (artifact id: '7bd382831fe2ee18bfe0b52e8554dc9a') in 0.009512 seconds 
========================================================================
Received Import Request.
  Time since last request: 0.000043 seconds.
  path: Assets/Sprites/TilePalette/GrassColumn 2.asset
  artifactKey: Guid(21e10cf10d5c5134c8b052fc71c371df) Importer(815301076,1909f56bfc062723c751e8b465ee728b)
Start importing Assets/Sprites/TilePalette/GrassColumn 2.asset using Guid(21e10cf10d5c5134c8b052fc71c371df) Importer(815301076,1909f56bfc062723c751e8b465ee728b)  -> (artifact id: '027563d81161b97b88b5c930a226433b') in 0.012108 seconds 
========================================================================
Received Import Request.
  Time since last request: 0.000031 seconds.
  path: Assets/Sprites/TilePalette/GrassLeft 2.asset
  artifactKey: Guid(4c25d1eb52d170441b8111cc87e73c06) Importer(815301076,1909f56bfc062723c751e8b465ee728b)
Start importing Assets/Sprites/TilePalette/GrassLeft 2.asset using Guid(4c25d1eb52d170441b8111cc87e73c06) Importer(815301076,1909f56bfc062723c751e8b465ee728b)  -> (artifact id: 'a8e375c888dce223e419360d6af07f89') in 0.012147 seconds 
========================================================================
Received Import Request.
  Time since last request: 0.000032 seconds.
  path: Assets/Sprites/TilePalette/GrassHillLeft2 DownShadow 1.asset
  artifactKey: Guid(c5e63f1da13770c45a24d0325c301ddd) Importer(815301076,1909f56bfc062723c751e8b465ee728b)
Start importing Assets/Sprites/TilePalette/GrassHillLeft2 DownShadow 1.asset using Guid(c5e63f1da13770c45a24d0325c301ddd) Importer(815301076,1909f56bfc062723c751e8b465ee728b)  -> (artifact id: 'e4200b3fd3ada8ce0c992d907a729971') in 0.011328 seconds 
========================================================================
Received Import Request.
  Time since last request: 0.000031 seconds.
  path: Assets/Sprites/TilePalette/GrassHillRight2 DownShadow 1.asset
  artifactKey: Guid(26d0b6a31cee7c64f91f657b331b5737) Importer(815301076,1909f56bfc062723c751e8b465ee728b)
Start importing Assets/Sprites/TilePalette/GrassHillRight2 DownShadow 1.asset using Guid(26d0b6a31cee7c64f91f657b331b5737) Importer(815301076,1909f56bfc062723c751e8b465ee728b)  -> (artifact id: '15f53ba81b091c25c4f4bc58b49aeebd') in 0.010924 seconds 
========================================================================
Received Import Request.
  Time since last request: 0.000034 seconds.
  path: Assets/Sprites/TilePalette/GrassHillLeft2 DownShadow 2.asset
  artifactKey: Guid(05f60884ffd03374b91befc9a9ef5340) Importer(815301076,1909f56bfc062723c751e8b465ee728b)
Start importing Assets/Sprites/TilePalette/GrassHillLeft2 DownShadow 2.asset using Guid(05f60884ffd03374b91befc9a9ef5340) Importer(815301076,1909f56bfc062723c751e8b465ee728b)  -> (artifact id: '64d26d077896426cd97b8f2a78c80bf4') in 0.011244 seconds 
========================================================================
Received Import Request.
  Time since last request: 0.000032 seconds.
  path: Assets/Sprites/TilePalette/GrassCliffLeft 2.asset
  artifactKey: Guid(5ad1706548e1f454491572aaa9da96fe) Importer(815301076,1909f56bfc062723c751e8b465ee728b)
Start importing Assets/Sprites/TilePalette/GrassCliffLeft 2.asset using Guid(5ad1706548e1f454491572aaa9da96fe) Importer(815301076,1909f56bfc062723c751e8b465ee728b)  -> (artifact id: '40a8521b10133097124a2877254fc039') in 0.012239 seconds 
========================================================================
Received Import Request.
  Time since last request: 0.000043 seconds.
  path: Assets/Sprites/TilePalette/GrassHillRight2 DownShadow 2.asset
  artifactKey: Guid(3a97c4424bd1cdf44bdd0bc72573ac93) Importer(815301076,1909f56bfc062723c751e8b465ee728b)
Start importing Assets/Sprites/TilePalette/GrassHillRight2 DownShadow 2.asset using Guid(3a97c4424bd1cdf44bdd0bc72573ac93) Importer(815301076,1909f56bfc062723c751e8b465ee728b)  -> (artifact id: 'e0f8ecf9baf30072170e0865b2d872f8') in 0.011573 seconds 
========================================================================
Received Import Request.
  Time since last request: 0.000048 seconds.
  path: Assets/Sprites/TilePalette/GrassJoinHillLeft 1.asset
  artifactKey: Guid(c52d783216791d24ca5ca0ee8e1977e2) Importer(815301076,1909f56bfc062723c751e8b465ee728b)
Start importing Assets/Sprites/TilePalette/GrassJoinHillLeft 1.asset using Guid(c52d783216791d24ca5ca0ee8e1977e2) Importer(815301076,1909f56bfc062723c751e8b465ee728b)  -> (artifact id: 'c3febe272fa422202e67f231f2721c65') in 0.010444 seconds 
========================================================================
Received Import Request.
  Time since last request: 0.000037 seconds.
  path: Assets/Sprites/TilePalette/GrassJoinHillRight2&Left2 2.asset
  artifactKey: Guid(8e4bf4b0e4a87e34e965cfd2b1ee4a12) Importer(815301076,1909f56bfc062723c751e8b465ee728b)
Start importing Assets/Sprites/TilePalette/GrassJoinHillRight2&Left2 2.asset using Guid(8e4bf4b0e4a87e34e965cfd2b1ee4a12) Importer(815301076,1909f56bfc062723c751e8b465ee728b)  -> (artifact id: 'b33cac466f2c8a7876fa137ca3a2ed52') in 0.012642 seconds 
========================================================================
Received Import Request.
  Time since last request: 0.000033 seconds.
  path: Assets/Sprites/TilePalette/GrassColumn 1.asset
  artifactKey: Guid(677b7ce44e0daa24d9f36b9a03e54c63) Importer(815301076,1909f56bfc062723c751e8b465ee728b)
Start importing Assets/Sprites/TilePalette/GrassColumn 1.asset using Guid(677b7ce44e0daa24d9f36b9a03e54c63) Importer(815301076,1909f56bfc062723c751e8b465ee728b)  -> (artifact id: '8d2a72141be002f777cc7a44dc1e47e3') in 0.015462 seconds 
========================================================================
Received Import Request.
  Time since last request: 0.000037 seconds.
  path: Assets/Sprites/TilePalette/GrassHillLeft2 2.asset
  artifactKey: Guid(941218cf33478804eabdb262c0e72916) Importer(815301076,1909f56bfc062723c751e8b465ee728b)
Start importing Assets/Sprites/TilePalette/GrassHillLeft2 2.asset using Guid(941218cf33478804eabdb262c0e72916) Importer(815301076,1909f56bfc062723c751e8b465ee728b)  -> (artifact id: '4180392e161e216cadad9c3e8655eba0') in 0.012879 seconds 
========================================================================
Received Import Request.
  Time since last request: 0.000035 seconds.
  path: Assets/Sprites/TilePalette/GrassHillLeft 2.asset
  artifactKey: Guid(627950fdca7401b409f67811fb448e58) Importer(815301076,1909f56bfc062723c751e8b465ee728b)
Start importing Assets/Sprites/TilePalette/GrassHillLeft 2.asset using Guid(627950fdca7401b409f67811fb448e58) Importer(815301076,1909f56bfc062723c751e8b465ee728b)  -> (artifact id: '11e3166688c53997ba41f66ba0741759') in 0.013362 seconds 
========================================================================
Received Import Request.
  Time since last request: 0.000037 seconds.
  path: Assets/Sprites/TilePalette/GrassJoinHillRight 2.asset
  artifactKey: Guid(929bfe1054579474aa33b0663422702a) Importer(815301076,1909f56bfc062723c751e8b465ee728b)
Start importing Assets/Sprites/TilePalette/GrassJoinHillRight 2.asset using Guid(929bfe1054579474aa33b0663422702a) Importer(815301076,1909f56bfc062723c751e8b465ee728b)  -> (artifact id: '9e9c1662f7a2d7eb0e388145503ce602') in 0.017946 seconds 
========================================================================
Received Import Request.
  Time since last request: 12.327104 seconds.
  path: Assets/Sprites/Water Animation (2D view)/3.png
  artifactKey: Guid(3d9597532f8e4e54cb5172862532672c) Importer(815301076,1909f56bfc062723c751e8b465ee728b)
Start importing Assets/Sprites/Water Animation (2D view)/3.png using Guid(3d9597532f8e4e54cb5172862532672c) Importer(815301076,1909f56bfc062723c751e8b465ee728b)  -> (artifact id: '1b31e985a83ab7032cd0fc205f77c20b') in 0.040281 seconds 
========================================================================
Received Import Request.
  Time since last request: 0.000040 seconds.
  path: Assets/Sprites/Water Animation (2D view)/7.png
  artifactKey: Guid(4931b20209db9e944af57f8eb1814837) Importer(815301076,1909f56bfc062723c751e8b465ee728b)
Start importing Assets/Sprites/Water Animation (2D view)/7.png using Guid(4931b20209db9e944af57f8eb1814837) Importer(815301076,1909f56bfc062723c751e8b465ee728b)  -> (artifact id: 'c14f8b65d0af32d0287fbad9b14b3c44') in 0.029988 seconds 
========================================================================
Received Import Request.
  Time since last request: 0.000036 seconds.
  path: Assets/Sprites/Water Animation (2D view)/12.png
  artifactKey: Guid(de56f9d0de9ffb34eb21213cefacee60) Importer(815301076,1909f56bfc062723c751e8b465ee728b)
Start importing Assets/Sprites/Water Animation (2D view)/12.png using Guid(de56f9d0de9ffb34eb21213cefacee60) Importer(815301076,1909f56bfc062723c751e8b465ee728b)  -> (artifact id: '1a9c7790db54efffce03c69dbf25a5bd') in 0.040730 seconds 
========================================================================
Received Import Request.
  Time since last request: 0.000040 seconds.
  path: Assets/Sprites/Water Animation (2D view)/5.png
  artifactKey: Guid(a2018b156af33044f8950bed8a8e1993) Importer(815301076,1909f56bfc062723c751e8b465ee728b)
Start importing Assets/Sprites/Water Animation (2D view)/5.png using Guid(a2018b156af33044f8950bed8a8e1993) Importer(815301076,1909f56bfc062723c751e8b465ee728b)  -> (artifact id: '92cb1ee9a3efaa9ecbd29e21b20602d4') in 0.028390 seconds 
========================================================================
Received Import Request.
  Time since last request: 0.000033 seconds.
  path: Assets/Sprites/Water Animation (2D view)/9.png
  artifactKey: Guid(4401e67a26f53df4dacfd5687775a9d7) Importer(815301076,1909f56bfc062723c751e8b465ee728b)
Start importing Assets/Sprites/Water Animation (2D view)/9.png using Guid(4401e67a26f53df4dacfd5687775a9d7) Importer(815301076,1909f56bfc062723c751e8b465ee728b)  -> (artifact id: 'd89d002b3271f2c142d5cc0d3b0b5ebd') in 0.030786 seconds 
========================================================================
Received Import Request.
  Time since last request: 0.000051 seconds.
  path: Assets/Sprites/Water Animation (2D view)/8.png
  artifactKey: Guid(472e01cb3d80f034c8befcf4c3068fa0) Importer(815301076,1909f56bfc062723c751e8b465ee728b)
Start importing Assets/Sprites/Water Animation (2D view)/8.png using Guid(472e01cb3d80f034c8befcf4c3068fa0) Importer(815301076,1909f56bfc062723c751e8b465ee728b)  -> (artifact id: '98e35c26ef7a1de038bb65ee50dc729b') in 0.039330 seconds 
========================================================================
Received Import Request.
  Time since last request: 317.662550 seconds.
  path: Assets/Sprites/TilePalette/1.asset
  artifactKey: Guid(9c252ed171a5dc24dab005d8d42ac513) Importer(815301076,1909f56bfc062723c751e8b465ee728b)
Start importing Assets/Sprites/TilePalette/1.asset using Guid(9c252ed171a5dc24dab005d8d42ac513) Importer(815301076,1909f56bfc062723c751e8b465ee728b)  -> (artifact id: '161be751fb691e055b0754f5821ef344') in 0.010890 seconds 
========================================================================
Received Import Request.
  Time since last request: 0.010019 seconds.
  path: Assets/Sprites/TilePalette/3.asset
  artifactKey: Guid(a819c2ce098d026408fa33981b04cd3a) Importer(815301076,1909f56bfc062723c751e8b465ee728b)
Start importing Assets/Sprites/TilePalette/3.asset using Guid(a819c2ce098d026408fa33981b04cd3a) Importer(815301076,1909f56bfc062723c751e8b465ee728b)  -> (artifact id: '5cc94b2caad73879df18efe1b561cf7d') in 0.010506 seconds 
========================================================================
Received Import Request.
  Time since last request: 0.000028 seconds.
  path: Assets/Sprites/TilePalette/9.asset
  artifactKey: Guid(6c6fa47454600684e8071fa87d57f8d3) Importer(815301076,1909f56bfc062723c751e8b465ee728b)
Start importing Assets/Sprites/TilePalette/9.asset using Guid(6c6fa47454600684e8071fa87d57f8d3) Importer(815301076,1909f56bfc062723c751e8b465ee728b)  -> (artifact id: '1d7bac5e9b9505f47d8ff27bf12d8735') in 0.012596 seconds 
========================================================================
Received Import Request.
  Time since last request: 0.000035 seconds.
  path: Assets/Sprites/TilePalette/14.asset
  artifactKey: Guid(56a3fef032e92c44daf09d07e8962a0b) Importer(815301076,1909f56bfc062723c751e8b465ee728b)
Start importing Assets/Sprites/TilePalette/14.asset using Guid(56a3fef032e92c44daf09d07e8962a0b) Importer(815301076,1909f56bfc062723c751e8b465ee728b)  -> (artifact id: '88cdcd8940492b34f5f059d720f87b22') in 0.010583 seconds 
========================================================================
Received Import Request.
  Time since last request: 0.000034 seconds.
  path: Assets/Sprites/TilePalette/6.asset
  artifactKey: Guid(189940d0b92292a4290fa5bde1fcd80d) Importer(815301076,1909f56bfc062723c751e8b465ee728b)
Start importing Assets/Sprites/TilePalette/6.asset using Guid(189940d0b92292a4290fa5bde1fcd80d) Importer(815301076,1909f56bfc062723c751e8b465ee728b)  -> (artifact id: '63be725f4ec25df11f34844fd47a799e') in 0.011285 seconds 
========================================================================
Received Import Request.
  Time since last request: 0.000045 seconds.
  path: Assets/Sprites/TilePalette/13.asset
  artifactKey: Guid(7a56e4db50a08cd418c9e812f1a9daca) Importer(815301076,1909f56bfc062723c751e8b465ee728b)
Start importing Assets/Sprites/TilePalette/13.asset using Guid(7a56e4db50a08cd418c9e812f1a9daca) Importer(815301076,1909f56bfc062723c751e8b465ee728b)  -> (artifact id: '476b8429c0fa4aef4e4e817cd8d2b09d') in 0.010888 seconds 
========================================================================
Received Import Request.
  Time since last request: 0.000029 seconds.
  path: Assets/Sprites/TilePalette/11.asset
  artifactKey: Guid(b662cadaf05032e4c93f387e7b25023f) Importer(815301076,1909f56bfc062723c751e8b465ee728b)
Start importing Assets/Sprites/TilePalette/11.asset using Guid(b662cadaf05032e4c93f387e7b25023f) Importer(815301076,1909f56bfc062723c751e8b465ee728b)  -> (artifact id: '67de6d3eefaab977fa621c920f14fb1f') in 0.009573 seconds 
Editor requested this worker to shutdown with reason: Scaling down because of idle timeout
AssetImportWorker is now disconnected from the server
Process exiting
Exiting without the bug reporter. Application will terminate with return code 0