Using pre-set license
Built from '2021.3/staging' branch; Version is '2021.3.6f1 (7da38d85baf6) revision 8233869'; Using compiler version '192829333'; Build Type 'Release'
OS: 'Windows 10  (10.0.18363) 64bit Professional' Language: 'ru' Physical Memory: 24526 MB
BatchMode: 1, IsHumanControllingUs: 0, StartBugReporterOnCrash: 0, Is64bit: 1, IsPro: 1

COMMAND LINE ARGUMENTS:
C:\Program Files\Unity\Hub\Editor\2021.3.6f1\Editor\Unity.exe
-adb2
-batchMode
-noUpm
-name
AssetImportWorker4
-projectPath
D:/PlatformerGBTutorial/PlatformerGBTutorial/PlatformerTutorial
-logFile
Logs/AssetImportWorker4.log
-srvPort
63518
Successfully changed project path to: D:/PlatformerGBTutorial/PlatformerGBTutorial/PlatformerTutorial
D:/PlatformerGBTutorial/PlatformerGBTutorial/PlatformerTutorial
[UnityMemory] Configuration Parameters - Can be set up in boot.config
    "memorysetup-bucket-allocator-granularity=16"
    "memorysetup-bucket-allocator-bucket-count=8"
    "memorysetup-bucket-allocator-block-size=33554432"
    "memorysetup-bucket-allocator-block-count=8"
    "memorysetup-main-allocator-block-size=16777216"
    "memorysetup-thread-allocator-block-size=16777216"
    "memorysetup-gfx-main-allocator-block-size=16777216"
    "memorysetup-gfx-thread-allocator-block-size=16777216"
    "memorysetup-cache-allocator-block-size=4194304"
    "memorysetup-typetree-allocator-block-size=2097152"
    "memorysetup-profiler-bucket-allocator-granularity=16"
    "memorysetup-profiler-bucket-allocator-bucket-count=8"
    "memorysetup-profiler-bucket-allocator-block-size=33554432"
    "memorysetup-profiler-bucket-allocator-block-count=8"
    "memorysetup-profiler-allocator-block-size=16777216"
    "memorysetup-profiler-editor-allocator-block-size=1048576"
    "memorysetup-temp-allocator-size-main=16777216"
    "memorysetup-job-temp-allocator-block-size=2097152"
    "memorysetup-job-temp-allocator-block-size-background=1048576"
    "memorysetup-job-temp-allocator-reduction-small-platforms=262144"
    "memorysetup-temp-allocator-size-background-worker=32768"
    "memorysetup-temp-allocator-size-job-worker=262144"
    "memorysetup-temp-allocator-size-preload-manager=33554432"
    "memorysetup-temp-allocator-size-nav-mesh-worker=65536"
    "memorysetup-temp-allocator-size-audio-worker=65536"
    "memorysetup-temp-allocator-size-cloud-worker=32768"
    "memorysetup-temp-allocator-size-gi-baking-worker=262144"
    "memorysetup-temp-allocator-size-gfx=262144"
Refreshing native plugins compatible for Editor in 136.03 ms, found 4 plugins.
Preloading 0 native plugins for Editor in 0.00 ms.
Initialize engine version: 2021.3.6f1 (7da38d85baf6)
[Subsystems] Discovering subsystems at path C:/Program Files/Unity/Hub/Editor/2021.3.6f1/Editor/Data/Resources/UnitySubsystems
[Subsystems] Discovering subsystems at path D:/PlatformerGBTutorial/PlatformerGBTutorial/PlatformerTutorial/Assets
GfxDevice: creating device client; threaded=0; jobified=0
Direct3D:
    Version:  Direct3D 11.0 [level 11.1]
    Renderer: NVIDIA GeForce GTX 1050 Ti (ID=0x1c82)
    Vendor:   NVIDIA
    VRAM:     4018 MB
    Driver:   31.0.15.1694
Initialize mono
Mono path[0] = 'C:/Program Files/Unity/Hub/Editor/2021.3.6f1/Editor/Data/Managed'
Mono path[1] = 'C:/Program Files/Unity/Hub/Editor/2021.3.6f1/Editor/Data/MonoBleedingEdge/lib/mono/unityjit-win32'
Mono config path = 'C:/Program Files/Unity/Hub/Editor/2021.3.6f1/Editor/Data/MonoBleedingEdge/etc'
Using monoOptions --debugger-agent=transport=dt_socket,embedding=1,server=y,suspend=n,address=127.0.0.1:56716
Begin MonoManager ReloadAssembly
Registering precompiled unity dll's ...
Register platform support module: C:/Program Files/Unity/Hub/Editor/2021.3.6f1/Editor/Data/PlaybackEngines/WindowsStandaloneSupport/UnityEditor.WindowsStandalone.Extensions.dll
Register platform support module: C:/Program Files/Unity/Hub/Editor/2021.3.6f1/Editor/Data/PlaybackEngines/MetroSupport/UnityEditor.UWP.Extensions.dll
Registered in 0.013810 seconds.
Native extension for UWP target not found
Native extension for WindowsStandalone target not found
Refreshing native plugins compatible for Editor in 125.49 ms, found 4 plugins.
Preloading 0 native plugins for Editor in 0.00 ms.
Mono: successfully reloaded assembly
- Completed reload, in  0.929 seconds
Domain Reload Profiling:
	ReloadAssembly (929ms)
		BeginReloadAssembly (104ms)
			ExecutionOrderSort (0ms)
			DisableScriptedObjects (0ms)
			BackupInstance (0ms)
			ReleaseScriptingObjects (0ms)
			CreateAndSetChildDomain (1ms)
		EndReloadAssembly (657ms)
			LoadAssemblies (100ms)
			RebuildTransferFunctionScriptingTraits (0ms)
			SetupTypeCache (166ms)
			ReleaseScriptCaches (0ms)
			RebuildScriptCaches (39ms)
			SetupLoadedEditorAssemblies (373ms)
				LogAssemblyErrors (0ms)
				InitializePlatformSupportModulesInManaged (14ms)
				SetLoadedEditorAssemblies (0ms)
				RefreshPlugins (126ms)
				BeforeProcessingInitializeOnLoad (2ms)
				ProcessInitializeOnLoadAttributes (165ms)
				ProcessInitializeOnLoadMethodAttributes (67ms)
				AfterProcessingInitializeOnLoad (0ms)
				EditorAssembliesLoaded (0ms)
			ExecutionOrderSort2 (0ms)
			AwakeInstancesAfterBackupRestoration (0ms)
Platform modules already initialized, skipping
Registering precompiled user dll's ...
Registered in 0.010583 seconds.
Begin MonoManager ReloadAssembly
Symbol file LoadedFromMemory doesn't match image D:\PlatformerGBTutorial\PlatformerGBTutorial\PlatformerTutorial\Library\PackageCache\com.unity.visualscripting@1.7.8\Editor\VisualScripting.Core\Dependencies\YamlDotNet\Unity.VisualScripting.YamlDotNet.dll
Symbol file LoadedFromMemory doesn't match image D:\PlatformerGBTutorial\PlatformerGBTutorial\PlatformerTutorial\Library\PackageCache\com.unity.visualscripting@1.7.8\Editor\VisualScripting.Core\Dependencies\DotNetZip\Unity.VisualScripting.IonicZip.dll
Native extension for UWP target not found
Native extension for WindowsStandalone target not found
Refreshing native plugins compatible for Editor in 123.36 ms, found 4 plugins.
Preloading 0 native plugins for Editor in 0.00 ms.
Mono: successfully reloaded assembly
- Completed reload, in  1.656 seconds
Domain Reload Profiling:
	ReloadAssembly (1657ms)
		BeginReloadAssembly (151ms)
			ExecutionOrderSort (0ms)
			DisableScriptedObjects (8ms)
			BackupInstance (0ms)
			ReleaseScriptingObjects (0ms)
			CreateAndSetChildDomain (24ms)
		EndReloadAssembly (1337ms)
			LoadAssemblies (131ms)
			RebuildTransferFunctionScriptingTraits (0ms)
			SetupTypeCache (343ms)
			ReleaseScriptCaches (1ms)
			RebuildScriptCaches (94ms)
			SetupLoadedEditorAssemblies (699ms)
				LogAssemblyErrors (0ms)
				InitializePlatformSupportModulesInManaged (8ms)
				SetLoadedEditorAssemblies (1ms)
				RefreshPlugins (123ms)
				BeforeProcessingInitializeOnLoad (145ms)
				ProcessInitializeOnLoadAttributes (353ms)
				ProcessInitializeOnLoadMethodAttributes (54ms)
				AfterProcessingInitializeOnLoad (13ms)
				EditorAssembliesLoaded (0ms)
			ExecutionOrderSort2 (0ms)
			AwakeInstancesAfterBackupRestoration (7ms)
Platform modules already initialized, skipping
========================================================================
Worker process is ready to serve import requests
Launched and connected shader compiler UnityShaderCompiler.exe after 0.06 seconds
Refreshing native plugins compatible for Editor in 0.91 ms, found 4 plugins.
Preloading 0 native plugins for Editor in 0.00 ms.
Unloading 4220 Unused Serialized files (Serialized files now loaded: 0)
Unloading 45 unused Assets / (222.9 KB). Loaded Objects now: 4671.
Memory consumption went from 157.6 MB to 157.4 MB.
Total: 4.672600 ms (FindLiveObjects: 0.440400 ms CreateObjectMapping: 0.126900 ms MarkObjects: 3.871900 ms  DeleteObjects: 0.231900 ms)

AssetImportParameters requested are different than current active one (requested -> active):
  custom:video-decoder-ogg-theora: a1e56fd34408186e4bbccfd4996cb3dc -> 
  custom:container-muxer-webm: aa71ff27fc2769a1b78a27578f13a17b -> 
  custom:container-demuxer-webm: 4f35f7cbe854078d1ac9338744f61a02 -> 
  custom:video-encoder-webm-vp8: eb34c28f22e8b96e1ab97ce403110664 -> 
  custom:video-codec-MediaFoundation-h265: 746d11721c4dcdbdad8f713fa42b33f4 -> 
  custom:audio-encoder-webm-vorbis: bf7c407c2cedff20999df2af8eb42d56 -> 
  custom:framework-win-MediaFoundation: 216162199b28c13a410421893ffa2e32 -> 
  custom:container-demuxer-ogg: 62fdf1f143b41e24485cea50d1cbac27 -> 
  custom:video-decoder-webm-vp8: 9c59270c3fd7afecdb556c50c9e8de78 -> 
  custom:audio-decoder-ogg-vorbis: bf7c407c2cedff20999df2af8eb42d56 -> 
========================================================================
Received Import Request.
  Time since last request: 442218.417792 seconds.
  path: Assets/Sprites/Tiles/Spring/Dirt.asset
  artifactKey: Guid(6af99aa86a802624094c50f54406793f) Importer(815301076,1909f56bfc062723c751e8b465ee728b)
Start importing Assets/Sprites/Tiles/Spring/Dirt.asset using Guid(6af99aa86a802624094c50f54406793f) Importer(815301076,1909f56bfc062723c751e8b465ee728b)  -> (artifact id: 'e1e4a526759a09e015926c1e2f780d19') in 0.105191 seconds 
========================================================================
Received Import Request.
  Time since last request: 74.912210 seconds.
  path: Assets/Sprites/Tiles/Spring/Asset 40.png
  artifactKey: Guid(74abb6459ce368e4ebed09fb3111e23d) Importer(815301076,1909f56bfc062723c751e8b465ee728b)
Start importing Assets/Sprites/Tiles/Spring/Asset 40.png using Guid(74abb6459ce368e4ebed09fb3111e23d) Importer(815301076,1909f56bfc062723c751e8b465ee728b)  -> (artifact id: '373ed8c27bb2e347571f60f26ccb722c') in 0.316430 seconds 
========================================================================
Received Import Request.
  Time since last request: 0.000031 seconds.
  path: Assets/Sprites/Tiles/Spring/GrassJoinHillRight2&Left2.png
  artifactKey: Guid(ac91842de393f61419fad335a6d37a72) Importer(815301076,1909f56bfc062723c751e8b465ee728b)
Start importing Assets/Sprites/Tiles/Spring/GrassJoinHillRight2&Left2.png using Guid(ac91842de393f61419fad335a6d37a72) Importer(815301076,1909f56bfc062723c751e8b465ee728b)  -> (artifact id: '37848e0ee9543fac3912798b6cd01e9a') in 0.046611 seconds 
========================================================================
Received Import Request.
  Time since last request: 0.000046 seconds.
  path: Assets/Sprites/Tiles/Spring/GrassJoinHillRight2.png
  artifactKey: Guid(866d4bc05734b3146a78094fffa704d7) Importer(815301076,1909f56bfc062723c751e8b465ee728b)
Start importing Assets/Sprites/Tiles/Spring/GrassJoinHillRight2.png using Guid(866d4bc05734b3146a78094fffa704d7) Importer(815301076,1909f56bfc062723c751e8b465ee728b)  -> (artifact id: '226dc7740b110c793dea3fff2d72b11c') in 0.050427 seconds 
========================================================================
Received Import Request.
  Time since last request: 0.000034 seconds.
  path: Assets/Sprites/Tiles/Spring/GrassHillLeft2.png
  artifactKey: Guid(a5ba4b99cb128f34eb5ca6328b9298d5) Importer(815301076,1909f56bfc062723c751e8b465ee728b)
Start importing Assets/Sprites/Tiles/Spring/GrassHillLeft2.png using Guid(a5ba4b99cb128f34eb5ca6328b9298d5) Importer(815301076,1909f56bfc062723c751e8b465ee728b)  -> (artifact id: 'c61c29feebf4f57ec40a3b3c476bc321') in 0.058423 seconds 
========================================================================
Received Import Request.
  Time since last request: 0.000038 seconds.
  path: Assets/Sprites/Tiles/Spring/GrassLeft.png
  artifactKey: Guid(1a0d83557951d8a449e0739959e7c58c) Importer(815301076,1909f56bfc062723c751e8b465ee728b)
Start importing Assets/Sprites/Tiles/Spring/GrassLeft.png using Guid(1a0d83557951d8a449e0739959e7c58c) Importer(815301076,1909f56bfc062723c751e8b465ee728b)  -> (artifact id: 'f141dc601fdeb6543576a5bff59a447f') in 0.051743 seconds 
========================================================================
Received Import Request.
  Time since last request: 0.000036 seconds.
  path: Assets/Sprites/Tiles/Spring/GrassCliffMid.png
  artifactKey: Guid(1597ceff11690144093d128e21aa53a3) Importer(815301076,1909f56bfc062723c751e8b465ee728b)
Start importing Assets/Sprites/Tiles/Spring/GrassCliffMid.png using Guid(1597ceff11690144093d128e21aa53a3) Importer(815301076,1909f56bfc062723c751e8b465ee728b)  -> (artifact id: '79d2b83e423231914882c7ac51772953') in 0.101652 seconds 
========================================================================
Received Import Request.
  Time since last request: 0.000034 seconds.
  path: Assets/Sprites/Tiles/Spring/GrassJoinHillLeft2 DownShadow.png
  artifactKey: Guid(b5f9a8e84b94baf45a8264b52e82f83d) Importer(815301076,1909f56bfc062723c751e8b465ee728b)
Start importing Assets/Sprites/Tiles/Spring/GrassJoinHillLeft2 DownShadow.png using Guid(b5f9a8e84b94baf45a8264b52e82f83d) Importer(815301076,1909f56bfc062723c751e8b465ee728b)  -> (artifact id: '3ca0de4d898ebfc1edc4c10eb4a0460e') in 0.030427 seconds 
========================================================================
Received Import Request.
  Time since last request: 0.000043 seconds.
  path: Assets/Sprites/Tiles/Spring/column_down.png
  artifactKey: Guid(203a2b9d119aefd479d1f8fb62d7a587) Importer(815301076,1909f56bfc062723c751e8b465ee728b)
Start importing Assets/Sprites/Tiles/Spring/column_down.png using Guid(203a2b9d119aefd479d1f8fb62d7a587) Importer(815301076,1909f56bfc062723c751e8b465ee728b)  -> (artifact id: '960efab6cd5ccf1e55882bc7a757dac6') in 0.025483 seconds 
========================================================================
Received Import Request.
  Time since last request: 0.000033 seconds.
  path: Assets/Sprites/Tiles/Spring/DirtDown.png
  artifactKey: Guid(884df65beb45634438224aa27ac55179) Importer(815301076,1909f56bfc062723c751e8b465ee728b)
Start importing Assets/Sprites/Tiles/Spring/DirtDown.png using Guid(884df65beb45634438224aa27ac55179) Importer(815301076,1909f56bfc062723c751e8b465ee728b)  -> (artifact id: 'baf46148f9921fd0b73bc597b3963707') in 0.031832 seconds 
========================================================================
Received Import Request.
  Time since last request: 0.000036 seconds.
  path: Assets/Sprites/Tiles/Spring/GrassMid.png
  artifactKey: Guid(682224fe8ee95a942a8adbc6010725d9) Importer(815301076,1909f56bfc062723c751e8b465ee728b)
Start importing Assets/Sprites/Tiles/Spring/GrassMid.png using Guid(682224fe8ee95a942a8adbc6010725d9) Importer(815301076,1909f56bfc062723c751e8b465ee728b)  -> (artifact id: '52c726f9ab145d59c777324da381828e') in 0.043540 seconds 
========================================================================
Received Import Request.
  Time since last request: 0.000034 seconds.
  path: Assets/Sprites/Tiles/Spring/GrassCliffRight.png
  artifactKey: Guid(e95edf2fec28aec4ebc5fa08d630b6a9) Importer(815301076,1909f56bfc062723c751e8b465ee728b)
Start importing Assets/Sprites/Tiles/Spring/GrassCliffRight.png using Guid(e95edf2fec28aec4ebc5fa08d630b6a9) Importer(815301076,1909f56bfc062723c751e8b465ee728b)  -> (artifact id: 'c72ed5098353790a8b26cc4557a3b1c9') in 0.054115 seconds 
========================================================================
Received Import Request.
  Time since last request: 0.000032 seconds.
  path: Assets/Sprites/Tiles/Spring/GrassHillLeft.png
  artifactKey: Guid(57da45673889efb408e9a8328758229f) Importer(815301076,1909f56bfc062723c751e8b465ee728b)
Start importing Assets/Sprites/Tiles/Spring/GrassHillLeft.png using Guid(57da45673889efb408e9a8328758229f) Importer(815301076,1909f56bfc062723c751e8b465ee728b)  -> (artifact id: '8f082d3789acd8c1c0b8d358acebc3c6') in 0.028164 seconds 
========================================================================
Received Import Request.
  Time since last request: 0.000036 seconds.
  path: Assets/Sprites/Tiles/Spring/GrassHillRight2.png
  artifactKey: Guid(64d6582efd46d834fb9b9db85bf63326) Importer(815301076,1909f56bfc062723c751e8b465ee728b)
Start importing Assets/Sprites/Tiles/Spring/GrassHillRight2.png using Guid(64d6582efd46d834fb9b9db85bf63326) Importer(815301076,1909f56bfc062723c751e8b465ee728b)  -> (artifact id: '6768d17f719a25f8a0d0201d657a867d') in 0.026068 seconds 
========================================================================
Received Import Request.
  Time since last request: 0.000049 seconds.
  path: Assets/Sprites/Tiles/Spring/GrassJoinHillRight2&Left2 DownShadow.png
  artifactKey: Guid(b70e494a0536c9b4887613c9d0260bca) Importer(815301076,1909f56bfc062723c751e8b465ee728b)
Start importing Assets/Sprites/Tiles/Spring/GrassJoinHillRight2&Left2 DownShadow.png using Guid(b70e494a0536c9b4887613c9d0260bca) Importer(815301076,1909f56bfc062723c751e8b465ee728b)  -> (artifact id: '3339ff14753c7cc9f3151ef1fe40ecc0') in 0.028199 seconds 
========================================================================
Received Import Request.
  Time since last request: 0.000040 seconds.
  path: Assets/Sprites/Tiles/Spring/GrassColumn.png
  artifactKey: Guid(15b8c7e913a0af64e8b5b7048498263b) Importer(815301076,1909f56bfc062723c751e8b465ee728b)
Start importing Assets/Sprites/Tiles/Spring/GrassColumn.png using Guid(15b8c7e913a0af64e8b5b7048498263b) Importer(815301076,1909f56bfc062723c751e8b465ee728b)  -> (artifact id: '98a2c27eea390ffdff2ff3ebc73a0cee') in 0.023640 seconds 
========================================================================
Received Import Request.
  Time since last request: 0.000034 seconds.
  path: Assets/Sprites/Tiles/Spring/GrassJoinHillLeft&Right.png
  artifactKey: Guid(e0cd65734afbac4418ae85adb9795ea8) Importer(815301076,1909f56bfc062723c751e8b465ee728b)
Start importing Assets/Sprites/Tiles/Spring/GrassJoinHillLeft&Right.png using Guid(e0cd65734afbac4418ae85adb9795ea8) Importer(815301076,1909f56bfc062723c751e8b465ee728b)  -> (artifact id: 'f6eed412e848fd09d307bea8b12e5c20') in 0.029620 seconds 
========================================================================
Received Import Request.
  Time since last request: 0.000031 seconds.
  path: Assets/Sprites/Tiles/Spring/Column.png
  artifactKey: Guid(4dcbbbcb39af2a34bb8decd8b3f23206) Importer(815301076,1909f56bfc062723c751e8b465ee728b)
Start importing Assets/Sprites/Tiles/Spring/Column.png using Guid(4dcbbbcb39af2a34bb8decd8b3f23206) Importer(815301076,1909f56bfc062723c751e8b465ee728b)  -> (artifact id: '2c5a4719f01256ae7a1c58fcd1312857') in 0.024861 seconds 
========================================================================
Received Import Request.
  Time since last request: 22.921406 seconds.
  path: Assets/Sprites/Tiles/Winter/Grass.png
  artifactKey: Guid(09aa8386f52ddee46955c45dfe6b51d4) Importer(815301076,1909f56bfc062723c751e8b465ee728b)
Start importing Assets/Sprites/Tiles/Winter/Grass.png using Guid(09aa8386f52ddee46955c45dfe6b51d4) Importer(815301076,1909f56bfc062723c751e8b465ee728b)  -> (artifact id: 'c88b259ab15556416aedf1ee9acb7754') in 0.026069 seconds 
========================================================================
Received Import Request.
  Time since last request: 0.023043 seconds.
  path: Assets/Sprites/Tiles/Winter/GrassCliffLeft.png
  artifactKey: Guid(6d1c9c51dd93fa3479aa8835ab6d0413) Importer(815301076,1909f56bfc062723c751e8b465ee728b)
Start importing Assets/Sprites/Tiles/Winter/GrassCliffLeft.png using Guid(6d1c9c51dd93fa3479aa8835ab6d0413) Importer(815301076,1909f56bfc062723c751e8b465ee728b)  -> (artifact id: 'e67ab76bf62b8b31fa6358622b3c76a3') in 0.057221 seconds 
========================================================================
Received Import Request.
  Time since last request: 0.000029 seconds.
  path: Assets/Sprites/Tiles/Winter/GrassLeft.png
  artifactKey: Guid(5bdbd4c409f9bd3499e59ed90b7aeb94) Importer(815301076,1909f56bfc062723c751e8b465ee728b)
Start importing Assets/Sprites/Tiles/Winter/GrassLeft.png using Guid(5bdbd4c409f9bd3499e59ed90b7aeb94) Importer(815301076,1909f56bfc062723c751e8b465ee728b)  -> (artifact id: 'cd00ecc2d502b8d3150a327e41650834') in 0.040847 seconds 
========================================================================
Received Import Request.
  Time since last request: 0.000035 seconds.
  path: Assets/Sprites/Tiles/Winter/GrassJoinHillLeft2.png
  artifactKey: Guid(2f9c881e31216ff4a8d3a22dc526ba81) Importer(815301076,1909f56bfc062723c751e8b465ee728b)
Start importing Assets/Sprites/Tiles/Winter/GrassJoinHillLeft2.png using Guid(2f9c881e31216ff4a8d3a22dc526ba81) Importer(815301076,1909f56bfc062723c751e8b465ee728b)  -> (artifact id: '3c8edaaf834368984b026f835cb42e08') in 0.043775 seconds 
========================================================================
Received Import Request.
  Time since last request: 0.000043 seconds.
  path: Assets/Sprites/Tiles/Winter/GrassHillRight2 DownShadow.png
  artifactKey: Guid(a71417d59d7df204289d2891c15f1cfe) Importer(815301076,1909f56bfc062723c751e8b465ee728b)
Start importing Assets/Sprites/Tiles/Winter/GrassHillRight2 DownShadow.png using Guid(a71417d59d7df204289d2891c15f1cfe) Importer(815301076,1909f56bfc062723c751e8b465ee728b)  -> (artifact id: '45ad238aa3d8d75e807f4343ce8cc879') in 0.068284 seconds 
========================================================================
Received Import Request.
  Time since last request: 0.000036 seconds.
  path: Assets/Sprites/Tiles/Winter/GrassMid.png
  artifactKey: Guid(cd08105ea0ec4384eb8cf8e28d948726) Importer(815301076,1909f56bfc062723c751e8b465ee728b)
Start importing Assets/Sprites/Tiles/Winter/GrassMid.png using Guid(cd08105ea0ec4384eb8cf8e28d948726) Importer(815301076,1909f56bfc062723c751e8b465ee728b)  -> (artifact id: '41285470b3971c919af0ccd0ecd5d8bf') in 0.041421 seconds 
========================================================================
Received Import Request.
  Time since last request: 0.000039 seconds.
  path: Assets/Sprites/Tiles/Winter/GrassHillLeft.png
  artifactKey: Guid(8aa2afa039fa6de4c96df34f079a4cc6) Importer(815301076,1909f56bfc062723c751e8b465ee728b)
Start importing Assets/Sprites/Tiles/Winter/GrassHillLeft.png using Guid(8aa2afa039fa6de4c96df34f079a4cc6) Importer(815301076,1909f56bfc062723c751e8b465ee728b)  -> (artifact id: '6e7837225c3b8ce2a6c74d3151f5911f') in 0.062237 seconds 
========================================================================
Received Import Request.
  Time since last request: 0.000034 seconds.
  path: Assets/Sprites/Tiles/Winter/GrassColumn.png
  artifactKey: Guid(cbab4156218ff5a47b0cadb7bcf88fcd) Importer(815301076,1909f56bfc062723c751e8b465ee728b)
Start importing Assets/Sprites/Tiles/Winter/GrassColumn.png using Guid(cbab4156218ff5a47b0cadb7bcf88fcd) Importer(815301076,1909f56bfc062723c751e8b465ee728b)  -> (artifact id: 'a00695331bfc1e936bf2f79d7c095218') in 0.056804 seconds 
========================================================================
Received Import Request.
  Time since last request: 0.000045 seconds.
  path: Assets/Sprites/Tiles/Winter/GrassJoinHillRight2.png
  artifactKey: Guid(0637e0c8de4dea24b884a13e2ceb810f) Importer(815301076,1909f56bfc062723c751e8b465ee728b)
Start importing Assets/Sprites/Tiles/Winter/GrassJoinHillRight2.png using Guid(0637e0c8de4dea24b884a13e2ceb810f) Importer(815301076,1909f56bfc062723c751e8b465ee728b)  -> (artifact id: '1e94bf5c86e8da86f5f425ba017e257f') in 0.023133 seconds 
========================================================================
Received Import Request.
  Time since last request: 14.848384 seconds.
  path: Assets/Sprites/TilePalette/Asset 40.asset
  artifactKey: Guid(684db7eefee00834a9e6bc22c6a4b28d) Importer(815301076,1909f56bfc062723c751e8b465ee728b)
Start importing Assets/Sprites/TilePalette/Asset 40.asset using Guid(684db7eefee00834a9e6bc22c6a4b28d) Importer(815301076,1909f56bfc062723c751e8b465ee728b)  -> (artifact id: '34a44c2569d476cd32b99698fc6849a1') in 0.009564 seconds 
========================================================================
Received Import Request.
  Time since last request: 0.000032 seconds.
  path: Assets/Sprites/TilePalette/Grass.asset
  artifactKey: Guid(381686663e08d244b9def0e765aa2278) Importer(815301076,1909f56bfc062723c751e8b465ee728b)
Start importing Assets/Sprites/TilePalette/Grass.asset using Guid(381686663e08d244b9def0e765aa2278) Importer(815301076,1909f56bfc062723c751e8b465ee728b)  -> (artifact id: '64815f6f43004a3605f1babdce0552dd') in 0.009488 seconds 
========================================================================
Received Import Request.
  Time since last request: 0.000034 seconds.
  path: Assets/Sprites/TilePalette/GrassJoinHillRight 1.asset
  artifactKey: Guid(397a885cb72960d42b78071d2fd25408) Importer(815301076,1909f56bfc062723c751e8b465ee728b)
Start importing Assets/Sprites/TilePalette/GrassJoinHillRight 1.asset using Guid(397a885cb72960d42b78071d2fd25408) Importer(815301076,1909f56bfc062723c751e8b465ee728b)  -> (artifact id: 'd2ee10a097a8d70c6373a4f8b22a664b') in 0.010792 seconds 
========================================================================
Received Import Request.
  Time since last request: 0.000025 seconds.
  path: Assets/Sprites/TilePalette/GrassHillLeft2 1.asset
  artifactKey: Guid(45ad852560f0ad749a4b5f9a144e438a) Importer(815301076,1909f56bfc062723c751e8b465ee728b)
Start importing Assets/Sprites/TilePalette/GrassHillLeft2 1.asset using Guid(45ad852560f0ad749a4b5f9a144e438a) Importer(815301076,1909f56bfc062723c751e8b465ee728b)  -> (artifact id: '2eee1f21ef84096017b19e3034a82b0c') in 0.009473 seconds 
========================================================================
Received Import Request.
  Time since last request: 0.000033 seconds.
  path: Assets/Sprites/TilePalette/GrassHillRight.asset
  artifactKey: Guid(090097bbf59f1014c95a7082af083d23) Importer(815301076,1909f56bfc062723c751e8b465ee728b)
Start importing Assets/Sprites/TilePalette/GrassHillRight.asset using Guid(090097bbf59f1014c95a7082af083d23) Importer(815301076,1909f56bfc062723c751e8b465ee728b)  -> (artifact id: 'ffea6ac79f435732d8f41396b5a46834') in 0.008848 seconds 
========================================================================
Received Import Request.
  Time since last request: 0.000029 seconds.
  path: Assets/Sprites/TilePalette/GrassRight.asset
  artifactKey: Guid(299bff28d23d9b74695108f40bb823c8) Importer(815301076,1909f56bfc062723c751e8b465ee728b)
Start importing Assets/Sprites/TilePalette/GrassRight.asset using Guid(299bff28d23d9b74695108f40bb823c8) Importer(815301076,1909f56bfc062723c751e8b465ee728b)  -> (artifact id: 'c2e2c4ae716b999c7df4edce7372dd1f') in 0.008576 seconds 
========================================================================
Received Import Request.
  Time since last request: 0.000033 seconds.
  path: Assets/Sprites/TilePalette/GrassCliffLeft 1.asset
  artifactKey: Guid(464c06ee4d09114489d3af0380bbf908) Importer(815301076,1909f56bfc062723c751e8b465ee728b)
Start importing Assets/Sprites/TilePalette/GrassCliffLeft 1.asset using Guid(464c06ee4d09114489d3af0380bbf908) Importer(815301076,1909f56bfc062723c751e8b465ee728b)  -> (artifact id: '6daae4e22e13096ce13610fa5d6bacec') in 0.010469 seconds 
========================================================================
Received Import Request.
  Time since last request: 0.000027 seconds.
  path: Assets/Sprites/TilePalette/DirtDown.asset
  artifactKey: Guid(689daec1ccf27bc41a115296306309d6) Importer(815301076,1909f56bfc062723c751e8b465ee728b)
Start importing Assets/Sprites/TilePalette/DirtDown.asset using Guid(689daec1ccf27bc41a115296306309d6) Importer(815301076,1909f56bfc062723c751e8b465ee728b)  -> (artifact id: '83ae488352b0df0a42dc3c2f4b33b686') in 0.008871 seconds 
========================================================================
Received Import Request.
  Time since last request: 0.000038 seconds.
  path: Assets/Sprites/TilePalette/GrassHillRight2.asset
  artifactKey: Guid(44dae7744cfa3a047b81a5f68d942462) Importer(815301076,1909f56bfc062723c751e8b465ee728b)
Start importing Assets/Sprites/TilePalette/GrassHillRight2.asset using Guid(44dae7744cfa3a047b81a5f68d942462) Importer(815301076,1909f56bfc062723c751e8b465ee728b)  -> (artifact id: '83ae54dbb3af607b97d3780f6b2c403a') in 0.009397 seconds 
========================================================================
Received Import Request.
  Time since last request: 0.000034 seconds.
  path: Assets/Sprites/TilePalette/GrassCliffMid 1.asset
  artifactKey: Guid(ac166ef9c7b6767469357e925184bcf0) Importer(815301076,1909f56bfc062723c751e8b465ee728b)
Start importing Assets/Sprites/TilePalette/GrassCliffMid 1.asset using Guid(ac166ef9c7b6767469357e925184bcf0) Importer(815301076,1909f56bfc062723c751e8b465ee728b)  -> (artifact id: '9a986f2a1a4b0f4c62a1bb2d1d4ebbf6') in 0.009199 seconds 
========================================================================
Received Import Request.
  Time since last request: 0.000034 seconds.
  path: Assets/Sprites/TilePalette/GrassJoinHillLeft2 DownShadow 1.asset
  artifactKey: Guid(7d1cb2ae51d0fc64abcfea4568ae1657) Importer(815301076,1909f56bfc062723c751e8b465ee728b)
Start importing Assets/Sprites/TilePalette/GrassJoinHillLeft2 DownShadow 1.asset using Guid(7d1cb2ae51d0fc64abcfea4568ae1657) Importer(815301076,1909f56bfc062723c751e8b465ee728b)  -> (artifact id: 'e3ba89374bb86d4dbee4829a65626967') in 0.011260 seconds 
========================================================================
Received Import Request.
  Time since last request: 0.000034 seconds.
  path: Assets/Sprites/TilePalette/GrassCliffRight.asset
  artifactKey: Guid(841522308d21ccd42a1df77c68780464) Importer(815301076,1909f56bfc062723c751e8b465ee728b)
Start importing Assets/Sprites/TilePalette/GrassCliffRight.asset using Guid(841522308d21ccd42a1df77c68780464) Importer(815301076,1909f56bfc062723c751e8b465ee728b)  -> (artifact id: '91233822f2bc0d915856b3113d9ac4b1') in 0.012177 seconds 
========================================================================
Received Import Request.
  Time since last request: 0.000034 seconds.
  path: Assets/Sprites/TilePalette/GrassJoinHillRight2&Left2 DownShadow 1.asset
  artifactKey: Guid(cad428831e5244445859da1ffa2d1e1f) Importer(815301076,1909f56bfc062723c751e8b465ee728b)
Start importing Assets/Sprites/TilePalette/GrassJoinHillRight2&Left2 DownShadow 1.asset using Guid(cad428831e5244445859da1ffa2d1e1f) Importer(815301076,1909f56bfc062723c751e8b465ee728b)  -> (artifact id: 'a5ae92f682bad866937530f2ced9b405') in 0.009695 seconds 
========================================================================
Received Import Request.
  Time since last request: 0.000031 seconds.
  path: Assets/Sprites/TilePalette/GrassJoinHillLeft&Right.asset
  artifactKey: Guid(b43fd2d3c47302a4cab7823a427b9dd1) Importer(815301076,1909f56bfc062723c751e8b465ee728b)
Start importing Assets/Sprites/TilePalette/GrassJoinHillLeft&Right.asset using Guid(b43fd2d3c47302a4cab7823a427b9dd1) Importer(815301076,1909f56bfc062723c751e8b465ee728b)  -> (artifact id: '1dd8ca31a822355fb0e3d4ac2c2eef07') in 0.009096 seconds 
========================================================================
Received Import Request.
  Time since last request: 0.000036 seconds.
  path: Assets/Sprites/TilePalette/GrassHillLeft.asset
  artifactKey: Guid(eada968072516c7488b495dab7f0f08a) Importer(815301076,1909f56bfc062723c751e8b465ee728b)
Start importing Assets/Sprites/TilePalette/GrassHillLeft.asset using Guid(eada968072516c7488b495dab7f0f08a) Importer(815301076,1909f56bfc062723c751e8b465ee728b)  -> (artifact id: 'a99a64cd0ce9b1b9a09b16f60252d6f7') in 0.010337 seconds 
========================================================================
Received Import Request.
  Time since last request: 0.000029 seconds.
  path: Assets/Sprites/TilePalette/GrassHillRight 1.asset
  artifactKey: Guid(0570be132bf6d9642af601b82d61e9d8) Importer(815301076,1909f56bfc062723c751e8b465ee728b)
Start importing Assets/Sprites/TilePalette/GrassHillRight 1.asset using Guid(0570be132bf6d9642af601b82d61e9d8) Importer(815301076,1909f56bfc062723c751e8b465ee728b)  -> (artifact id: 'df5bed967a4736c6362bab996212e307') in 0.012424 seconds 
========================================================================
Received Import Request.
  Time since last request: 0.000028 seconds.
  path: Assets/Sprites/TilePalette/GrassJoinHillRight2&Left2 1.asset
  artifactKey: Guid(90432ba611875c94bbb073dc1197c999) Importer(815301076,1909f56bfc062723c751e8b465ee728b)
Start importing Assets/Sprites/TilePalette/GrassJoinHillRight2&Left2 1.asset using Guid(90432ba611875c94bbb073dc1197c999) Importer(815301076,1909f56bfc062723c751e8b465ee728b)  -> (artifact id: '6862ae8b4931689e1a67090dbaa37586') in 0.010162 seconds 
========================================================================
Received Import Request.
  Time since last request: 0.000029 seconds.
  path: Assets/Sprites/TilePalette/GrassHillLeft 1.asset
  artifactKey: Guid(5db38e83078959a4b8d7bd1037e32e77) Importer(815301076,1909f56bfc062723c751e8b465ee728b)
Start importing Assets/Sprites/TilePalette/GrassHillLeft 1.asset using Guid(5db38e83078959a4b8d7bd1037e32e77) Importer(815301076,1909f56bfc062723c751e8b465ee728b)  -> (artifact id: 'ba7a7de0e7b6afa9218f60ebd5744085') in 0.010065 seconds 
========================================================================
Received Import Request.
  Time since last request: 0.000022 seconds.
  path: Assets/Sprites/TilePalette/DirtLeft.asset
  artifactKey: Guid(6d9e2461340623245a9f30a948b7fbd6) Importer(815301076,1909f56bfc062723c751e8b465ee728b)
Start importing Assets/Sprites/TilePalette/DirtLeft.asset using Guid(6d9e2461340623245a9f30a948b7fbd6) Importer(815301076,1909f56bfc062723c751e8b465ee728b)  -> (artifact id: '3373859721c2b65ddd5952d4b63958bb') in 0.010723 seconds 
========================================================================
Received Import Request.
  Time since last request: 0.000028 seconds.
  path: Assets/Sprites/TilePalette/GrassColumn 1.asset
  artifactKey: Guid(677b7ce44e0daa24d9f36b9a03e54c63) Importer(815301076,1909f56bfc062723c751e8b465ee728b)
Start importing Assets/Sprites/TilePalette/GrassColumn 1.asset using Guid(677b7ce44e0daa24d9f36b9a03e54c63) Importer(815301076,1909f56bfc062723c751e8b465ee728b)  -> (artifact id: 'b32df69895dbf23658d99de1187dad38') in 0.009083 seconds 
========================================================================
Received Import Request.
  Time since last request: 0.000024 seconds.
  path: Assets/Sprites/TilePalette/GrassHillRight2 DownShadow.asset
  artifactKey: Guid(6dc2c281b243aa8488d54a96254abb4e) Importer(815301076,1909f56bfc062723c751e8b465ee728b)
Start importing Assets/Sprites/TilePalette/GrassHillRight2 DownShadow.asset using Guid(6dc2c281b243aa8488d54a96254abb4e) Importer(815301076,1909f56bfc062723c751e8b465ee728b)  -> (artifact id: 'e0ab9c1bc0e8128e3997489784cdf259') in 0.009856 seconds 
========================================================================
Received Import Request.
  Time since last request: 0.000029 seconds.
  path: Assets/Sprites/TilePalette/GrassJoinHillRight2 1.asset
  artifactKey: Guid(5fcc9861009a4fc4a91511dccce7e729) Importer(815301076,1909f56bfc062723c751e8b465ee728b)
Start importing Assets/Sprites/TilePalette/GrassJoinHillRight2 1.asset using Guid(5fcc9861009a4fc4a91511dccce7e729) Importer(815301076,1909f56bfc062723c751e8b465ee728b)  -> (artifact id: 'aaaab447c0d5f59ea0997f1a73b6af65') in 0.009654 seconds 
========================================================================
Received Import Request.
  Time since last request: 0.000040 seconds.
  path: Assets/Sprites/TilePalette/GrassJoinHillRight&Left.asset
  artifactKey: Guid(78c4ff28daa87664fa322c1498b5c50f) Importer(815301076,1909f56bfc062723c751e8b465ee728b)
Start importing Assets/Sprites/TilePalette/GrassJoinHillRight&Left.asset using Guid(78c4ff28daa87664fa322c1498b5c50f) Importer(815301076,1909f56bfc062723c751e8b465ee728b)  -> (artifact id: '0bcf86e6da18972e377da10659791af7') in 0.010181 seconds 
========================================================================
Received Import Request.
  Time since last request: 20.701547 seconds.
  path: Assets/Sprites/TilePalette/Autumn.prefab
  artifactKey: Guid(285f2d791c398984680683254c46f098) Importer(815301076,1909f56bfc062723c751e8b465ee728b)
Start importing Assets/Sprites/TilePalette/Autumn.prefab using Guid(285f2d791c398984680683254c46f098) Importer(815301076,1909f56bfc062723c751e8b465ee728b)  -> (artifact id: 'b84eda14ccdf8ccf663a448cf3e33bb3') in 0.039171 seconds 
========================================================================
Received Import Request.
  Time since last request: 10.818480 seconds.
  path: Assets/Sprites/Tiles/Autumn/Grass.png
  artifactKey: Guid(7863d17075795a44392109bc4fba4efa) Importer(815301076,1909f56bfc062723c751e8b465ee728b)
Start importing Assets/Sprites/Tiles/Autumn/Grass.png using Guid(7863d17075795a44392109bc4fba4efa) Importer(815301076,1909f56bfc062723c751e8b465ee728b)  -> (artifact id: 'f69e0143ba91e95499e968d1f286ed27') in 0.026152 seconds 
========================================================================
Received Import Request.
  Time since last request: 0.024602 seconds.
  path: Assets/Sprites/Tiles/Autumn/GrassCliffLeft.png
  artifactKey: Guid(5c95a7c06bf5ed14ca17ca384651ab69) Importer(815301076,1909f56bfc062723c751e8b465ee728b)
Start importing Assets/Sprites/Tiles/Autumn/GrassCliffLeft.png using Guid(5c95a7c06bf5ed14ca17ca384651ab69) Importer(815301076,1909f56bfc062723c751e8b465ee728b)  -> (artifact id: '53c781f8bbdf1578b0b9c60e9d48e37c') in 0.075401 seconds 
========================================================================
Received Import Request.
  Time since last request: 0.000026 seconds.
  path: Assets/Sprites/Tiles/Autumn/GrassHillLeft.png
  artifactKey: Guid(fb0af5c8a4b54ae418c5be21f17184d1) Importer(815301076,1909f56bfc062723c751e8b465ee728b)
Start importing Assets/Sprites/Tiles/Autumn/GrassHillLeft.png using Guid(fb0af5c8a4b54ae418c5be21f17184d1) Importer(815301076,1909f56bfc062723c751e8b465ee728b)  -> (artifact id: '1206c13b1f30baac56c24f64e29877fd') in 0.040706 seconds 
========================================================================
Received Import Request.
  Time since last request: 0.000035 seconds.
  path: Assets/Sprites/Tiles/Autumn/GrassMid.png
  artifactKey: Guid(bfc52c8b0eb18304cab23cbd47de0784) Importer(815301076,1909f56bfc062723c751e8b465ee728b)
Start importing Assets/Sprites/Tiles/Autumn/GrassMid.png using Guid(bfc52c8b0eb18304cab23cbd47de0784) Importer(815301076,1909f56bfc062723c751e8b465ee728b)  -> (artifact id: 'e725a47d4f63048fd76357a67a3f6ca7') in 0.057322 seconds 
========================================================================
Received Import Request.
  Time since last request: 0.000029 seconds.
  path: Assets/Sprites/Tiles/Autumn/GrassLeft.png
  artifactKey: Guid(e41bb4da4ae14fc4eb57c03e27a2ba44) Importer(815301076,1909f56bfc062723c751e8b465ee728b)
Start importing Assets/Sprites/Tiles/Autumn/GrassLeft.png using Guid(e41bb4da4ae14fc4eb57c03e27a2ba44) Importer(815301076,1909f56bfc062723c751e8b465ee728b)  -> (artifact id: '6322ec59c1fa4685707f8170dcfef8d2') in 0.034907 seconds 
========================================================================
Received Import Request.
  Time since last request: 0.000028 seconds.
  path: Assets/Sprites/Tiles/Autumn/GrassJoinHillRight2&Left2 DownShadow.png
  artifactKey: Guid(7b6c769e7afb2384a844082e46b33d5f) Importer(815301076,1909f56bfc062723c751e8b465ee728b)
Start importing Assets/Sprites/Tiles/Autumn/GrassJoinHillRight2&Left2 DownShadow.png using Guid(7b6c769e7afb2384a844082e46b33d5f) Importer(815301076,1909f56bfc062723c751e8b465ee728b)  -> (artifact id: 'c045d54270929430f61940a5377133af') in 0.033832 seconds 
========================================================================
Received Import Request.
  Time since last request: 0.000021 seconds.
  path: Assets/Sprites/Tiles/Autumn/GrassJoinHillLeft&Right.png
  artifactKey: Guid(449e8a2f2b2168e46bbaeab72dba4a58) Importer(815301076,1909f56bfc062723c751e8b465ee728b)
Start importing Assets/Sprites/Tiles/Autumn/GrassJoinHillLeft&Right.png using Guid(449e8a2f2b2168e46bbaeab72dba4a58) Importer(815301076,1909f56bfc062723c751e8b465ee728b)  -> (artifact id: '29ac2bddcf5922cae8f319b8a9e39dae') in 0.035027 seconds 
========================================================================
Received Import Request.
  Time since last request: 0.000029 seconds.
  path: Assets/Sprites/Tiles/Autumn/GrassJoinHillRight2 DownShadow.png
  artifactKey: Guid(1d1e0f88676c55942b03ba0dfb5cf810) Importer(815301076,1909f56bfc062723c751e8b465ee728b)
Start importing Assets/Sprites/Tiles/Autumn/GrassJoinHillRight2 DownShadow.png using Guid(1d1e0f88676c55942b03ba0dfb5cf810) Importer(815301076,1909f56bfc062723c751e8b465ee728b)  -> (artifact id: '234a485e13c12d23377b7bc51a6876c9') in 0.038569 seconds 
========================================================================
Received Import Request.
  Time since last request: 281.882451 seconds.
  path: Assets/Sprites/Tiles/Winter/Grass.png
  artifactKey: Guid(09aa8386f52ddee46955c45dfe6b51d4) Importer(815301076,1909f56bfc062723c751e8b465ee728b)
Start importing Assets/Sprites/Tiles/Winter/Grass.png using Guid(09aa8386f52ddee46955c45dfe6b51d4) Importer(815301076,1909f56bfc062723c751e8b465ee728b)  -> (artifact id: 'ffcc7783be4105505ed47cfa5729c49e') in 0.029280 seconds 
========================================================================
Received Import Request.
  Time since last request: 0.021795 seconds.
  path: Assets/Sprites/Tiles/Winter/GrassCliffLeft.png
  artifactKey: Guid(6d1c9c51dd93fa3479aa8835ab6d0413) Importer(815301076,1909f56bfc062723c751e8b465ee728b)
Start importing Assets/Sprites/Tiles/Winter/GrassCliffLeft.png using Guid(6d1c9c51dd93fa3479aa8835ab6d0413) Importer(815301076,1909f56bfc062723c751e8b465ee728b)  -> (artifact id: 'caaad2a04380a633e4418286950fcc31') in 0.115866 seconds 
========================================================================
Received Import Request.
  Time since last request: 0.000044 seconds.
  path: Assets/Sprites/Tiles/Winter/GrassLeft.png
  artifactKey: Guid(5bdbd4c409f9bd3499e59ed90b7aeb94) Importer(815301076,1909f56bfc062723c751e8b465ee728b)
Start importing Assets/Sprites/Tiles/Winter/GrassLeft.png using Guid(5bdbd4c409f9bd3499e59ed90b7aeb94) Importer(815301076,1909f56bfc062723c751e8b465ee728b)  -> (artifact id: '2a34cf10ec33276c62948bf70d3a8ab3') in 0.027487 seconds 
========================================================================
Received Import Request.
  Time since last request: 0.000049 seconds.
  path: Assets/Sprites/Tiles/Winter/GrassRight.png
  artifactKey: Guid(66edb92437fe8774ab75fd5c76aa636c) Importer(815301076,1909f56bfc062723c751e8b465ee728b)
Start importing Assets/Sprites/Tiles/Winter/GrassRight.png using Guid(66edb92437fe8774ab75fd5c76aa636c) Importer(815301076,1909f56bfc062723c751e8b465ee728b)  -> (artifact id: '546e31bf630399c67c8aeaafb30bea3f') in 0.032414 seconds 
========================================================================
Received Import Request.
  Time since last request: 0.000028 seconds.
  path: Assets/Sprites/Tiles/Winter/GrassHillLeft2.png
  artifactKey: Guid(7d63cc1b07b787b45998979b86259747) Importer(815301076,1909f56bfc062723c751e8b465ee728b)
Start importing Assets/Sprites/Tiles/Winter/GrassHillLeft2.png using Guid(7d63cc1b07b787b45998979b86259747) Importer(815301076,1909f56bfc062723c751e8b465ee728b)  -> (artifact id: '366c1e152ec23c80b2009774b876cb72') in 0.073045 seconds 
========================================================================
Received Import Request.
  Time since last request: 0.000026 seconds.
  path: Assets/Sprites/Tiles/Winter/GrassJoinHillRight2 DownShadow.png
  artifactKey: Guid(0f5e506c99d90734e96f97f196323130) Importer(815301076,1909f56bfc062723c751e8b465ee728b)
Start importing Assets/Sprites/Tiles/Winter/GrassJoinHillRight2 DownShadow.png using Guid(0f5e506c99d90734e96f97f196323130) Importer(815301076,1909f56bfc062723c751e8b465ee728b)  -> (artifact id: '4da96ca9b9bcc72f70662dd241f4d6ca') in 0.035606 seconds 
========================================================================
Received Import Request.
  Time since last request: 0.000026 seconds.
  path: Assets/Sprites/Tiles/Winter/GrassHillLeft2 DownShadow.png
  artifactKey: Guid(f6a593cc5c90bc04c8c7a1f05682d170) Importer(815301076,1909f56bfc062723c751e8b465ee728b)
Start importing Assets/Sprites/Tiles/Winter/GrassHillLeft2 DownShadow.png using Guid(f6a593cc5c90bc04c8c7a1f05682d170) Importer(815301076,1909f56bfc062723c751e8b465ee728b)  -> (artifact id: 'ddee5e5fc66201625bcc01490a7d1d7b') in 0.023127 seconds 
========================================================================
Received Import Request.
  Time since last request: 0.000034 seconds.
  path: Assets/Sprites/Tiles/Winter/GrassJoinHillRight2.png
  artifactKey: Guid(0637e0c8de4dea24b884a13e2ceb810f) Importer(815301076,1909f56bfc062723c751e8b465ee728b)
Start importing Assets/Sprites/Tiles/Winter/GrassJoinHillRight2.png using Guid(0637e0c8de4dea24b884a13e2ceb810f) Importer(815301076,1909f56bfc062723c751e8b465ee728b)  -> (artifact id: '3eccec520f4a5d370a8e76e96b7456b0') in 0.025115 seconds 
========================================================================
Received Import Request.
  Time since last request: 0.000032 seconds.
  path: Assets/Sprites/Tiles/Winter/GrassHillRight2 DownShadow.png
  artifactKey: Guid(a71417d59d7df204289d2891c15f1cfe) Importer(815301076,1909f56bfc062723c751e8b465ee728b)
Start importing Assets/Sprites/Tiles/Winter/GrassHillRight2 DownShadow.png using Guid(a71417d59d7df204289d2891c15f1cfe) Importer(815301076,1909f56bfc062723c751e8b465ee728b)  -> (artifact id: 'ec1ca1e697a46aa9eff25548d61f9ebf') in 0.026252 seconds 
========================================================================
Received Import Request.
  Time since last request: 0.000034 seconds.
  path: Assets/Sprites/Tiles/Winter/GrassJoinHillLeft2 DownShadow.png
  artifactKey: Guid(1dc9d8c7db699ef45a904939ec6360f5) Importer(815301076,1909f56bfc062723c751e8b465ee728b)
Start importing Assets/Sprites/Tiles/Winter/GrassJoinHillLeft2 DownShadow.png using Guid(1dc9d8c7db699ef45a904939ec6360f5) Importer(815301076,1909f56bfc062723c751e8b465ee728b)  -> (artifact id: '0f541bc2ec1ceb9d910bfc8b7f1bda1e') in 0.030654 seconds 
========================================================================
Received Import Request.
  Time since last request: 0.000029 seconds.
  path: Assets/Sprites/Tiles/Winter/GrassJoinHillLeft.png
  artifactKey: Guid(c57e7963256ab5f43acb1f88a3350819) Importer(815301076,1909f56bfc062723c751e8b465ee728b)
Start importing Assets/Sprites/Tiles/Winter/GrassJoinHillLeft.png using Guid(c57e7963256ab5f43acb1f88a3350819) Importer(815301076,1909f56bfc062723c751e8b465ee728b)  -> (artifact id: 'ecb9479d790cee525efdc320909c6abd') in 0.027993 seconds 
========================================================================
Received Import Request.
  Time since last request: 0.000026 seconds.
  path: Assets/Sprites/Tiles/Winter/GrassHillLeft.png
  artifactKey: Guid(8aa2afa039fa6de4c96df34f079a4cc6) Importer(815301076,1909f56bfc062723c751e8b465ee728b)
Start importing Assets/Sprites/Tiles/Winter/GrassHillLeft.png using Guid(8aa2afa039fa6de4c96df34f079a4cc6) Importer(815301076,1909f56bfc062723c751e8b465ee728b)  -> (artifact id: 'a62503116688706c688280e1ff165fec') in 0.032240 seconds 
========================================================================
Received Import Request.
  Time since last request: 0.000022 seconds.
  path: Assets/Sprites/Tiles/Winter/GrassColumn.png
  artifactKey: Guid(cbab4156218ff5a47b0cadb7bcf88fcd) Importer(815301076,1909f56bfc062723c751e8b465ee728b)
Start importing Assets/Sprites/Tiles/Winter/GrassColumn.png using Guid(cbab4156218ff5a47b0cadb7bcf88fcd) Importer(815301076,1909f56bfc062723c751e8b465ee728b)  -> (artifact id: 'ea4e1f3ab2aed867620dfabbf8dc47b5') in 0.029628 seconds 
========================================================================
Received Import Request.
  Time since last request: 36.181252 seconds.
  path: Assets/Sprites/Tiles/Winter/Grass.png
  artifactKey: Guid(09aa8386f52ddee46955c45dfe6b51d4) Importer(815301076,1909f56bfc062723c751e8b465ee728b)
Start importing Assets/Sprites/Tiles/Winter/Grass.png using Guid(09aa8386f52ddee46955c45dfe6b51d4) Importer(815301076,1909f56bfc062723c751e8b465ee728b)  -> (artifact id: '10a2cf3469584ad6f835edb303a682d5') in 0.044087 seconds 
========================================================================
Received Import Request.
  Time since last request: 0.003429 seconds.
  path: Assets/Sprites/Tiles/Winter/GrassCliffLeft.png
  artifactKey: Guid(6d1c9c51dd93fa3479aa8835ab6d0413) Importer(815301076,1909f56bfc062723c751e8b465ee728b)
Start importing Assets/Sprites/Tiles/Winter/GrassCliffLeft.png using Guid(6d1c9c51dd93fa3479aa8835ab6d0413) Importer(815301076,1909f56bfc062723c751e8b465ee728b)  -> (artifact id: 'a0ae1dfa39f6fd8fe246ed65a6d26006') in 0.076442 seconds 
========================================================================
Received Import Request.
  Time since last request: 0.000041 seconds.
  path: Assets/Sprites/Tiles/Winter/GrassLeft.png
  artifactKey: Guid(5bdbd4c409f9bd3499e59ed90b7aeb94) Importer(815301076,1909f56bfc062723c751e8b465ee728b)
Start importing Assets/Sprites/Tiles/Winter/GrassLeft.png using Guid(5bdbd4c409f9bd3499e59ed90b7aeb94) Importer(815301076,1909f56bfc062723c751e8b465ee728b)  -> (artifact id: '1129a9ca232d8474ee5a6bfbdd509bee') in 0.029168 seconds 
========================================================================
Received Import Request.
  Time since last request: 0.000043 seconds.
  path: Assets/Sprites/Tiles/Winter/GrassRight.png
  artifactKey: Guid(66edb92437fe8774ab75fd5c76aa636c) Importer(815301076,1909f56bfc062723c751e8b465ee728b)
Start importing Assets/Sprites/Tiles/Winter/GrassRight.png using Guid(66edb92437fe8774ab75fd5c76aa636c) Importer(815301076,1909f56bfc062723c751e8b465ee728b)  -> (artifact id: '128b791322666b5f025364b0734b8714') in 0.031030 seconds 
========================================================================
Received Import Request.
  Time since last request: 0.000048 seconds.
  path: Assets/Sprites/Tiles/Winter/GrassHillLeft2.png
  artifactKey: Guid(7d63cc1b07b787b45998979b86259747) Importer(815301076,1909f56bfc062723c751e8b465ee728b)
Start importing Assets/Sprites/Tiles/Winter/GrassHillLeft2.png using Guid(7d63cc1b07b787b45998979b86259747) Importer(815301076,1909f56bfc062723c751e8b465ee728b)  -> (artifact id: '2400e1ca3f59741a79021013a496155a') in 0.031070 seconds 
========================================================================
Received Import Request.
  Time since last request: 0.000029 seconds.
  path: Assets/Sprites/Tiles/Winter/GrassJoinHillRight2 DownShadow.png
  artifactKey: Guid(0f5e506c99d90734e96f97f196323130) Importer(815301076,1909f56bfc062723c751e8b465ee728b)
Start importing Assets/Sprites/Tiles/Winter/GrassJoinHillRight2 DownShadow.png using Guid(0f5e506c99d90734e96f97f196323130) Importer(815301076,1909f56bfc062723c751e8b465ee728b)  -> (artifact id: '56ddacbd6fbe86ecfc2dc92dcccc4c63') in 0.056752 seconds 
========================================================================
Received Import Request.
  Time since last request: 0.000023 seconds.
  path: Assets/Sprites/Tiles/Winter/GrassJoinHillRight2&Left2 DownShadow.png
  artifactKey: Guid(1e84e6029b6b6d24f8be3ed5bf654d5f) Importer(815301076,1909f56bfc062723c751e8b465ee728b)
Start importing Assets/Sprites/Tiles/Winter/GrassJoinHillRight2&Left2 DownShadow.png using Guid(1e84e6029b6b6d24f8be3ed5bf654d5f) Importer(815301076,1909f56bfc062723c751e8b465ee728b)  -> (artifact id: 'faccaf8ea3aa7c91d87689fd1e2df417') in 0.044142 seconds 
========================================================================
Received Import Request.
  Time since last request: 0.000034 seconds.
  path: Assets/Sprites/Tiles/Winter/GrassHillRight.png
  artifactKey: Guid(ffa137988ed77f9448b8d72cec72fed0) Importer(815301076,1909f56bfc062723c751e8b465ee728b)
Start importing Assets/Sprites/Tiles/Winter/GrassHillRight.png using Guid(ffa137988ed77f9448b8d72cec72fed0) Importer(815301076,1909f56bfc062723c751e8b465ee728b)  -> (artifact id: '1b0a4fb302b1c1ac054f89cb13deadc6') in 0.041466 seconds 
========================================================================
Received Import Request.
  Time since last request: 0.000048 seconds.
  path: Assets/Sprites/Tiles/Winter/GrassJoinHillRight.png
  artifactKey: Guid(476b0c895acec2e40b552299bfa59c39) Importer(815301076,1909f56bfc062723c751e8b465ee728b)
Start importing Assets/Sprites/Tiles/Winter/GrassJoinHillRight.png using Guid(476b0c895acec2e40b552299bfa59c39) Importer(815301076,1909f56bfc062723c751e8b465ee728b)  -> (artifact id: 'dd4ca3b56392a53add318c9ec79445e7') in 0.042876 seconds 
========================================================================
Received Import Request.
  Time since last request: 177.087046 seconds.
  path: Assets/Sprites/TilePalette/Autumn.prefab
  artifactKey: Guid(285f2d791c398984680683254c46f098) Importer(815301076,1909f56bfc062723c751e8b465ee728b)
Start importing Assets/Sprites/TilePalette/Autumn.prefab using Guid(285f2d791c398984680683254c46f098) Importer(815301076,1909f56bfc062723c751e8b465ee728b)  -> (artifact id: '93ab07099fb55a30e6239efe7ec6f0a6') in 0.052674 seconds 
========================================================================
Received Import Request.
  Time since last request: 0.000037 seconds.
  path: Assets/Sprites/TilePalette/GrassJoinHillRight2 2.asset
  artifactKey: Guid(3be18128e4ee77d4b9bc47452bdf3d6b) Importer(815301076,1909f56bfc062723c751e8b465ee728b)
Start importing Assets/Sprites/TilePalette/GrassJoinHillRight2 2.asset using Guid(3be18128e4ee77d4b9bc47452bdf3d6b) Importer(815301076,1909f56bfc062723c751e8b465ee728b)  -> (artifact id: '137d7b5412431067896838edbb14bebe') in 0.010943 seconds 
========================================================================
Received Import Request.
  Time since last request: 0.000033 seconds.
  path: Assets/Sprites/TilePalette/GrassJoinHillRight 1.asset
  artifactKey: Guid(397a885cb72960d42b78071d2fd25408) Importer(815301076,1909f56bfc062723c751e8b465ee728b)
Start importing Assets/Sprites/TilePalette/GrassJoinHillRight 1.asset using Guid(397a885cb72960d42b78071d2fd25408) Importer(815301076,1909f56bfc062723c751e8b465ee728b)  -> (artifact id: 'a587ff7485971f40fdfa2c3522e5aceb') in 0.008607 seconds 
========================================================================
Received Import Request.
  Time since last request: 0.000037 seconds.
  path: Assets/Sprites/TilePalette/GrassHillLeft2 1.asset
  artifactKey: Guid(45ad852560f0ad749a4b5f9a144e438a) Importer(815301076,1909f56bfc062723c751e8b465ee728b)
Start importing Assets/Sprites/TilePalette/GrassHillLeft2 1.asset using Guid(45ad852560f0ad749a4b5f9a144e438a) Importer(815301076,1909f56bfc062723c751e8b465ee728b)  -> (artifact id: 'bf7792a3fdaa91d9ea2d910454c73262') in 0.008411 seconds 
========================================================================
Received Import Request.
  Time since last request: 0.000033 seconds.
  path: Assets/Sprites/TilePalette/GrassCliffRight 2.asset
  artifactKey: Guid(7b03cf6c0a4d0a840a783489371072ea) Importer(815301076,1909f56bfc062723c751e8b465ee728b)
Start importing Assets/Sprites/TilePalette/GrassCliffRight 2.asset using Guid(7b03cf6c0a4d0a840a783489371072ea) Importer(815301076,1909f56bfc062723c751e8b465ee728b)  -> (artifact id: 'de785984352564902d8b421da132af8e') in 0.011026 seconds 
========================================================================
Received Import Request.
  Time since last request: 0.000027 seconds.
  path: Assets/Sprites/TilePalette/GrassCliffLeft 1.asset
  artifactKey: Guid(464c06ee4d09114489d3af0380bbf908) Importer(815301076,1909f56bfc062723c751e8b465ee728b)
Start importing Assets/Sprites/TilePalette/GrassCliffLeft 1.asset using Guid(464c06ee4d09114489d3af0380bbf908) Importer(815301076,1909f56bfc062723c751e8b465ee728b)  -> (artifact id: '999a9b38a4762c62454d46b4634d943b') in 0.009342 seconds 
========================================================================
Received Import Request.
  Time since last request: 0.000032 seconds.
  path: Assets/Sprites/TilePalette/GrassJoinHillRight2&Left2 DownShadow 2.asset
  artifactKey: Guid(cab1e68faaf68d542a5cfb04940825b7) Importer(815301076,1909f56bfc062723c751e8b465ee728b)
Start importing Assets/Sprites/TilePalette/GrassJoinHillRight2&Left2 DownShadow 2.asset using Guid(cab1e68faaf68d542a5cfb04940825b7) Importer(815301076,1909f56bfc062723c751e8b465ee728b)  -> (artifact id: '647482343abb2d29dbcdbc9c14c50c97') in 0.011495 seconds 
========================================================================
Received Import Request.
  Time since last request: 0.000032 seconds.
  path: Assets/Sprites/TilePalette/GrassCliffMid 1.asset
  artifactKey: Guid(ac166ef9c7b6767469357e925184bcf0) Importer(815301076,1909f56bfc062723c751e8b465ee728b)
Start importing Assets/Sprites/TilePalette/GrassCliffMid 1.asset using Guid(ac166ef9c7b6767469357e925184bcf0) Importer(815301076,1909f56bfc062723c751e8b465ee728b)  -> (artifact id: 'e084acd6be54c4f90704c1ec5b090803') in 0.010567 seconds 
========================================================================
Received Import Request.
  Time since last request: 0.000030 seconds.
  path: Assets/Sprites/TilePalette/GrassHillRight 2.asset
  artifactKey: Guid(3cd0a7ec2a2ffec4ca19a905084d442b) Importer(815301076,1909f56bfc062723c751e8b465ee728b)
Start importing Assets/Sprites/TilePalette/GrassHillRight 2.asset using Guid(3cd0a7ec2a2ffec4ca19a905084d442b) Importer(815301076,1909f56bfc062723c751e8b465ee728b)  -> (artifact id: '26d87d14ae980fcc892ae66272258219') in 0.012004 seconds 
========================================================================
Received Import Request.
  Time since last request: 0.000031 seconds.
  path: Assets/Sprites/TilePalette/GrassJoinHillRight2&Left2 DownShadow 1.asset
  artifactKey: Guid(cad428831e5244445859da1ffa2d1e1f) Importer(815301076,1909f56bfc062723c751e8b465ee728b)
Start importing Assets/Sprites/TilePalette/GrassJoinHillRight2&Left2 DownShadow 1.asset using Guid(cad428831e5244445859da1ffa2d1e1f) Importer(815301076,1909f56bfc062723c751e8b465ee728b)  -> (artifact id: '180b18876d05180edfdee191a73b9226') in 0.010603 seconds 
========================================================================
Received Import Request.
  Time since last request: 0.000032 seconds.
  path: Assets/Sprites/TilePalette/GrassJoinHillRight2 DownShadow 2.asset
  artifactKey: Guid(ad7a3db95efee9c4c85c01e853f07e6d) Importer(815301076,1909f56bfc062723c751e8b465ee728b)
Start importing Assets/Sprites/TilePalette/GrassJoinHillRight2 DownShadow 2.asset using Guid(ad7a3db95efee9c4c85c01e853f07e6d) Importer(815301076,1909f56bfc062723c751e8b465ee728b)  -> (artifact id: 'b0547e4a172d0526735b28fc275de3f3') in 0.011819 seconds 
========================================================================
Received Import Request.
  Time since last request: 0.000039 seconds.
  path: Assets/Sprites/TilePalette/GrassCliffRight 1.asset
  artifactKey: Guid(a9ffed6cb23c0194298dff45f3c0fd4e) Importer(815301076,1909f56bfc062723c751e8b465ee728b)
Start importing Assets/Sprites/TilePalette/GrassCliffRight 1.asset using Guid(a9ffed6cb23c0194298dff45f3c0fd4e) Importer(815301076,1909f56bfc062723c751e8b465ee728b)  -> (artifact id: '4f532ffc5f89ad6879f6bad0c7e8fad1') in 0.012343 seconds 
========================================================================
Received Import Request.
  Time since last request: 0.000034 seconds.
  path: Assets/Sprites/TilePalette/GrassHillRight 1.asset
  artifactKey: Guid(0570be132bf6d9642af601b82d61e9d8) Importer(815301076,1909f56bfc062723c751e8b465ee728b)
Start importing Assets/Sprites/TilePalette/GrassHillRight 1.asset using Guid(0570be132bf6d9642af601b82d61e9d8) Importer(815301076,1909f56bfc062723c751e8b465ee728b)  -> (artifact id: '104789ab6fd2f97b0a5a24ebaf103dc1') in 0.012287 seconds 
========================================================================
Received Import Request.
  Time since last request: 0.000040 seconds.
  path: Assets/Sprites/TilePalette/GrassLeft 1.asset
  artifactKey: Guid(29d6c3c5550b77a40be4b1c36c54d346) Importer(815301076,1909f56bfc062723c751e8b465ee728b)
Start importing Assets/Sprites/TilePalette/GrassLeft 1.asset using Guid(29d6c3c5550b77a40be4b1c36c54d346) Importer(815301076,1909f56bfc062723c751e8b465ee728b)  -> (artifact id: '22d74e9565a43543517ca04786eec1b6') in 0.012405 seconds 
========================================================================
Received Import Request.
  Time since last request: 0.000039 seconds.
  path: Assets/Sprites/TilePalette/GrassJoinHillRight2&Left2 1.asset
  artifactKey: Guid(90432ba611875c94bbb073dc1197c999) Importer(815301076,1909f56bfc062723c751e8b465ee728b)
Start importing Assets/Sprites/TilePalette/GrassJoinHillRight2&Left2 1.asset using Guid(90432ba611875c94bbb073dc1197c999) Importer(815301076,1909f56bfc062723c751e8b465ee728b)  -> (artifact id: '3e945e20447387182c49981def1d9e38') in 0.012598 seconds 
========================================================================
Received Import Request.
  Time since last request: 0.000026 seconds.
  path: Assets/Sprites/TilePalette/GrassJoinHillLeft 2.asset
  artifactKey: Guid(6c99986827944574aa45491990d72bb4) Importer(815301076,1909f56bfc062723c751e8b465ee728b)
Start importing Assets/Sprites/TilePalette/GrassJoinHillLeft 2.asset using Guid(6c99986827944574aa45491990d72bb4) Importer(815301076,1909f56bfc062723c751e8b465ee728b)  -> (artifact id: '6fbfd25c6f101270e2856ceb1afc0188') in 0.011486 seconds 
========================================================================
Received Import Request.
  Time since last request: 0.000034 seconds.
  path: Assets/Sprites/TilePalette/GrassHillLeft 1.asset
  artifactKey: Guid(5db38e83078959a4b8d7bd1037e32e77) Importer(815301076,1909f56bfc062723c751e8b465ee728b)
Start importing Assets/Sprites/TilePalette/GrassHillLeft 1.asset using Guid(5db38e83078959a4b8d7bd1037e32e77) Importer(815301076,1909f56bfc062723c751e8b465ee728b)  -> (artifact id: '44896ea9f4961244b94dff19e66bcc64') in 0.011833 seconds 
========================================================================
Received Import Request.
  Time since last request: 0.000035 seconds.
  path: Assets/Sprites/TilePalette/GrassMid 1.asset
  artifactKey: Guid(561ed0da7d21a9147803d9962a034a91) Importer(815301076,1909f56bfc062723c751e8b465ee728b)
Start importing Assets/Sprites/TilePalette/GrassMid 1.asset using Guid(561ed0da7d21a9147803d9962a034a91) Importer(815301076,1909f56bfc062723c751e8b465ee728b)  -> (artifact id: '89b13fbaeec107b6dd9e7b40c29d0999') in 0.011009 seconds 
========================================================================
Received Import Request.
  Time since last request: 0.000030 seconds.
  path: Assets/Sprites/TilePalette/GrassMid 2.asset
  artifactKey: Guid(bef28084e8486db41abce903f80c949c) Importer(815301076,1909f56bfc062723c751e8b465ee728b)
Start importing Assets/Sprites/TilePalette/GrassMid 2.asset using Guid(bef28084e8486db41abce903f80c949c) Importer(815301076,1909f56bfc062723c751e8b465ee728b)  -> (artifact id: 'd3739238cd259c366f0dcd25b921afd2') in 0.012283 seconds 
========================================================================
Received Import Request.
  Time since last request: 0.000040 seconds.
  path: Assets/Sprites/TilePalette/GrassJoinHillRight2 DownShadow 1.asset
  artifactKey: Guid(7e9ee6e08a935824987b85757539f09a) Importer(815301076,1909f56bfc062723c751e8b465ee728b)
Start importing Assets/Sprites/TilePalette/GrassJoinHillRight2 DownShadow 1.asset using Guid(7e9ee6e08a935824987b85757539f09a) Importer(815301076,1909f56bfc062723c751e8b465ee728b)  -> (artifact id: '1ca634dce96971942b227531a4c3e694') in 0.013337 seconds 
========================================================================
Received Import Request.
  Time since last request: 0.000060 seconds.
  path: Assets/Sprites/TilePalette/GrassJoinHillRight2 1.asset
  artifactKey: Guid(5fcc9861009a4fc4a91511dccce7e729) Importer(815301076,1909f56bfc062723c751e8b465ee728b)
Start importing Assets/Sprites/TilePalette/GrassJoinHillRight2 1.asset using Guid(5fcc9861009a4fc4a91511dccce7e729) Importer(815301076,1909f56bfc062723c751e8b465ee728b)  -> (artifact id: 'dc21e75a8f43d4e755c48e147bea49fb') in 0.010953 seconds 
========================================================================
Received Import Request.
  Time since last request: 0.000032 seconds.
  path: Assets/Sprites/TilePalette/GrassJoinHillLeft2 2.asset
  artifactKey: Guid(2c7a82b016ebad14eb691ec82799bcde) Importer(815301076,1909f56bfc062723c751e8b465ee728b)
Start importing Assets/Sprites/TilePalette/GrassJoinHillLeft2 2.asset using Guid(2c7a82b016ebad14eb691ec82799bcde) Importer(815301076,1909f56bfc062723c751e8b465ee728b)  -> (artifact id: 'b97190309192807c435eb90faa96d7b2') in 0.013926 seconds 
========================================================================
Received Import Request.
  Time since last request: 0.000035 seconds.
  path: Assets/Sprites/TilePalette/GrassJoinHillRight&Left.asset
  artifactKey: Guid(78c4ff28daa87664fa322c1498b5c50f) Importer(815301076,1909f56bfc062723c751e8b465ee728b)
Start importing Assets/Sprites/TilePalette/GrassJoinHillRight&Left.asset using Guid(78c4ff28daa87664fa322c1498b5c50f) Importer(815301076,1909f56bfc062723c751e8b465ee728b)  -> (artifact id: 'f10b4464a2e1dde44f1e12054c99714e') in 0.012459 seconds 
========================================================================
Received Import Request.
  Time since last request: 0.532371 seconds.
  path: Assets/Sprites/TilePalette/Winter.prefab
  artifactKey: Guid(05de267292396324daed9bed41623a0f) Importer(815301076,1909f56bfc062723c751e8b465ee728b)
Start importing Assets/Sprites/TilePalette/Winter.prefab using Guid(05de267292396324daed9bed41623a0f) Importer(815301076,1909f56bfc062723c751e8b465ee728b)  -> (artifact id: '1e0b9c73180347feedae581568728f09') in 0.032107 seconds 
========================================================================
Received Import Request.
  Time since last request: 11.686795 seconds.
  path: Assets/Sprites/Water Animation (2D view)/1.png
  artifactKey: Guid(474e6b4cea69e1e47b67806830f3e1ad) Importer(815301076,1909f56bfc062723c751e8b465ee728b)
Start importing Assets/Sprites/Water Animation (2D view)/1.png using Guid(474e6b4cea69e1e47b67806830f3e1ad) Importer(815301076,1909f56bfc062723c751e8b465ee728b)  -> (artifact id: '6c3b37576e6b1a9e69fe3dbe4b17fc2a') in 0.044357 seconds 
========================================================================
Received Import Request.
  Time since last request: 0.003527 seconds.
  path: Assets/Sprites/Water Animation (2D view)/2.png
  artifactKey: Guid(3a9f7bc2b1c70164d92f1ad5d4c0a03f) Importer(815301076,1909f56bfc062723c751e8b465ee728b)
Start importing Assets/Sprites/Water Animation (2D view)/2.png using Guid(3a9f7bc2b1c70164d92f1ad5d4c0a03f) Importer(815301076,1909f56bfc062723c751e8b465ee728b)  -> (artifact id: 'f4a0638c5f72089c53eb6105e06ea3b3') in 0.056106 seconds 
========================================================================
Received Import Request.
  Time since last request: 0.000030 seconds.
  path: Assets/Sprites/Water Animation (2D view)/13.png
  artifactKey: Guid(68bc5f4df4a621e41910a2f460bffcc7) Importer(815301076,1909f56bfc062723c751e8b465ee728b)
Start importing Assets/Sprites/Water Animation (2D view)/13.png using Guid(68bc5f4df4a621e41910a2f460bffcc7) Importer(815301076,1909f56bfc062723c751e8b465ee728b)  -> (artifact id: 'cfdfefad9cdcce9eeb833786c65bb798') in 0.040023 seconds 
========================================================================
Received Import Request.
  Time since last request: 0.000035 seconds.
  path: Assets/Sprites/Water Animation (2D view)/6.png
  artifactKey: Guid(48ab4d67543eed849b0de6468242ffea) Importer(815301076,1909f56bfc062723c751e8b465ee728b)
Start importing Assets/Sprites/Water Animation (2D view)/6.png using Guid(48ab4d67543eed849b0de6468242ffea) Importer(815301076,1909f56bfc062723c751e8b465ee728b)  -> (artifact id: '517ac2e899cec1d125ccd37983838754') in 0.044010 seconds 
========================================================================
Received Import Request.
  Time since last request: 0.000050 seconds.
  path: Assets/Sprites/Water Animation (2D view)/11.png
  artifactKey: Guid(3b53b3fefab97a34abbbc6f1ff30f3ab) Importer(815301076,1909f56bfc062723c751e8b465ee728b)
Start importing Assets/Sprites/Water Animation (2D view)/11.png using Guid(3b53b3fefab97a34abbbc6f1ff30f3ab) Importer(815301076,1909f56bfc062723c751e8b465ee728b)  -> (artifact id: '6f3f5e52134571280c47d4038c3a8906') in 0.027462 seconds 
========================================================================
Received Import Request.
  Time since last request: 0.000063 seconds.
  path: Assets/Sprites/Water Animation (2D view)/10.png
  artifactKey: Guid(7618c3f4fd9950f46b40842c75fb579c) Importer(815301076,1909f56bfc062723c751e8b465ee728b)
Start importing Assets/Sprites/Water Animation (2D view)/10.png using Guid(7618c3f4fd9950f46b40842c75fb579c) Importer(815301076,1909f56bfc062723c751e8b465ee728b)  -> (artifact id: '5f0caf6d07e6091bebe289b745c341ff') in 0.038971 seconds 
Editor requested this worker to shutdown with reason: Scaling down because of idle timeout
AssetImportWorker is now disconnected from the server
Process exiting
Exiting without the bug reporter. Application will terminate with return code 0